{"/home/kavia/workspace/code-generation/campus-bus-management-system-8844/frontend_web_app/astro.check.mjs": {"path":"/home/kavia/workspace/code-generation/campus-bus-management-system-8844/frontend_web_app/astro.check.mjs","all":true,"statementMap":{"0":{"start":{"line":1,"column":0},"end":{"line":1,"column":16}},"1":{"start":{"line":2,"column":0},"end":{"line":2,"column":68}},"2":{"start":{"line":3,"column":0},"end":{"line":3,"column":75}},"3":{"start":{"line":4,"column":0},"end":{"line":4,"column":13}},"4":{"start":{"line":5,"column":0},"end":{"line":5,"column":103}},"5":{"start":{"line":6,"column":0},"end":{"line":6,"column":15}},"6":{"start":{"line":7,"column":0},"end":{"line":7,"column":43}},"7":{"start":{"line":8,"column":0},"end":{"line":8,"column":44}},"8":{"start":{"line":9,"column":0},"end":{"line":9,"column":24}},"9":{"start":{"line":10,"column":0},"end":{"line":10,"column":82}},"10":{"start":{"line":11,"column":0},"end":{"line":11,"column":57}},"11":{"start":{"line":12,"column":0},"end":{"line":12,"column":27}},"12":{"start":{"line":13,"column":0},"end":{"line":13,"column":20}},"13":{"start":{"line":14,"column":0},"end":{"line":14,"column":7}},"14":{"start":{"line":15,"column":0},"end":{"line":15,"column":5}},"15":{"start":{"line":16,"column":0},"end":{"line":16,"column":3}},"16":{"start":{"line":17,"column":0},"end":{"line":17,"column":2}}},"s":{"0":0,"1":0,"2":0,"3":0,"4":0,"5":0,"6":0,"7":0,"8":0,"9":0,"10":0,"11":0,"12":0,"13":0,"14":0,"15":0,"16":0},"branchMap":{"0":{"type":"branch","line":1,"loc":{"start":{"line":1,"column":620},"end":{"line":17,"column":2}},"locations":[{"start":{"line":1,"column":620},"end":{"line":17,"column":2}}]}},"b":{"0":[0]},"fnMap":{"0":{"name":"(empty-report)","decl":{"start":{"line":1,"column":620},"end":{"line":17,"column":2}},"loc":{"start":{"line":1,"column":620},"end":{"line":17,"column":2}},"line":1}},"f":{"0":0}}
,"/home/kavia/workspace/code-generation/campus-bus-management-system-8844/frontend_web_app/astro.config.mjs": {"path":"/home/kavia/workspace/code-generation/campus-bus-management-system-8844/frontend_web_app/astro.config.mjs","all":true,"statementMap":{"0":{"start":{"line":1,"column":0},"end":{"line":1,"column":12}},"1":{"start":{"line":2,"column":0},"end":{"line":2,"column":44}},"3":{"start":{"line":4,"column":0},"end":{"line":4,"column":29}},"4":{"start":{"line":5,"column":0},"end":{"line":5,"column":29}},"5":{"start":{"line":6,"column":0},"end":{"line":6,"column":13}},"6":{"start":{"line":7,"column":0},"end":{"line":7,"column":24}},"7":{"start":{"line":8,"column":0},"end":{"line":8,"column":36}},"8":{"start":{"line":9,"column":0},"end":{"line":9,"column":19}},"9":{"start":{"line":10,"column":0},"end":{"line":10,"column":18}},"10":{"start":{"line":11,"column":0},"end":{"line":11,"column":46}},"11":{"start":{"line":12,"column":0},"end":{"line":12,"column":10}},"12":{"start":{"line":13,"column":0},"end":{"line":13,"column":5}},"13":{"start":{"line":14,"column":0},"end":{"line":14,"column":2}}},"s":{"0":0,"1":0,"3":0,"4":0,"5":0,"6":0,"7":0,"8":0,"9":0,"10":0,"11":0,"12":0,"13":0},"branchMap":{"0":{"type":"branch","line":1,"loc":{"start":{"line":1,"column":300},"end":{"line":14,"column":2}},"locations":[{"start":{"line":1,"column":300},"end":{"line":14,"column":2}}]}},"b":{"0":[0]},"fnMap":{"0":{"name":"(empty-report)","decl":{"start":{"line":1,"column":300},"end":{"line":14,"column":2}},"loc":{"start":{"line":1,"column":300},"end":{"line":14,"column":2}},"line":1}},"f":{"0":0}}
,"/home/kavia/workspace/code-generation/campus-bus-management-system-8844/frontend_web_app/eslint.config.mjs": {"path":"/home/kavia/workspace/code-generation/campus-bus-management-system-8844/frontend_web_app/eslint.config.mjs","all":true,"statementMap":{"0":{"start":{"line":1,"column":0},"end":{"line":1,"column":23}},"1":{"start":{"line":2,"column":0},"end":{"line":2,"column":28}},"2":{"start":{"line":3,"column":0},"end":{"line":3,"column":30}},"3":{"start":{"line":4,"column":0},"end":{"line":4,"column":41}},"5":{"start":{"line":6,"column":0},"end":{"line":6,"column":16}},"6":{"start":{"line":7,"column":0},"end":{"line":7,"column":28}},"7":{"start":{"line":8,"column":0},"end":{"line":8,"column":25}},"9":{"start":{"line":10,"column":0},"end":{"line":10,"column":23}},"10":{"start":{"line":11,"column":0},"end":{"line":11,"column":34}},"12":{"start":{"line":13,"column":0},"end":{"line":13,"column":38}},"13":{"start":{"line":14,"column":0},"end":{"line":14,"column":3}},"14":{"start":{"line":15,"column":0},"end":{"line":15,"column":57}},"15":{"start":{"line":16,"column":0},"end":{"line":16,"column":4}},"17":{"start":{"line":18,"column":0},"end":{"line":18,"column":27}},"18":{"start":{"line":19,"column":0},"end":{"line":19,"column":3}},"19":{"start":{"line":20,"column":0},"end":{"line":20,"column":48}},"20":{"start":{"line":21,"column":0},"end":{"line":21,"column":22}},"21":{"start":{"line":22,"column":0},"end":{"line":22,"column":30}},"22":{"start":{"line":23,"column":0},"end":{"line":23,"column":22}},"23":{"start":{"line":24,"column":0},"end":{"line":24,"column":35}},"24":{"start":{"line":25,"column":0},"end":{"line":25,"column":26}},"25":{"start":{"line":26,"column":0},"end":{"line":26,"column":29}},"26":{"start":{"line":27,"column":0},"end":{"line":27,"column":8}},"27":{"start":{"line":28,"column":0},"end":{"line":28,"column":6}},"28":{"start":{"line":29,"column":0},"end":{"line":29,"column":12}},"29":{"start":{"line":30,"column":0},"end":{"line":30,"column":52}},"30":{"start":{"line":31,"column":0},"end":{"line":31,"column":64}},"31":{"start":{"line":32,"column":0},"end":{"line":32,"column":52}},"32":{"start":{"line":33,"column":0},"end":{"line":33,"column":52}},"33":{"start":{"line":34,"column":0},"end":{"line":34,"column":57}},"34":{"start":{"line":35,"column":0},"end":{"line":35,"column":59}},"35":{"start":{"line":36,"column":0},"end":{"line":36,"column":6}},"36":{"start":{"line":37,"column":0},"end":{"line":37,"column":4}},"38":{"start":{"line":39,"column":0},"end":{"line":39,"column":20}},"39":{"start":{"line":40,"column":0},"end":{"line":40,"column":3}},"40":{"start":{"line":41,"column":0},"end":{"line":41,"column":35}},"41":{"start":{"line":42,"column":0},"end":{"line":42,"column":22}},"42":{"start":{"line":43,"column":0},"end":{"line":43,"column":24}},"43":{"start":{"line":44,"column":0},"end":{"line":44,"column":27}},"44":{"start":{"line":45,"column":0},"end":{"line":45,"column":16}},"45":{"start":{"line":46,"column":0},"end":{"line":46,"column":24}},"46":{"start":{"line":47,"column":0},"end":{"line":47,"column":27}},"47":{"start":{"line":48,"column":0},"end":{"line":48,"column":8}},"48":{"start":{"line":49,"column":0},"end":{"line":49,"column":6}},"49":{"start":{"line":50,"column":0},"end":{"line":50,"column":12}},"50":{"start":{"line":51,"column":0},"end":{"line":51,"column":31}},"51":{"start":{"line":52,"column":0},"end":{"line":52,"column":26}},"52":{"start":{"line":53,"column":0},"end":{"line":53,"column":36}},"53":{"start":{"line":54,"column":0},"end":{"line":54,"column":6}},"54":{"start":{"line":55,"column":0},"end":{"line":55,"column":4}},"55":{"start":{"line":56,"column":0},"end":{"line":56,"column":2}}},"s":{"0":0,"1":0,"2":0,"3":0,"5":0,"6":0,"7":0,"9":0,"10":0,"12":0,"13":0,"14":0,"15":0,"17":0,"18":0,"19":0,"20":0,"21":0,"22":0,"23":0,"24":0,"25":0,"26":0,"27":0,"28":0,"29":0,"30":0,"31":0,"32":0,"33":0,"34":0,"35":0,"36":0,"38":0,"39":0,"40":0,"41":0,"42":0,"43":0,"44":0,"45":0,"46":0,"47":0,"48":0,"49":0,"50":0,"51":0,"52":0,"53":0,"54":0,"55":0},"branchMap":{"0":{"type":"branch","line":1,"loc":{"start":{"line":1,"column":1348},"end":{"line":56,"column":2}},"locations":[{"start":{"line":1,"column":1348},"end":{"line":56,"column":2}}]}},"b":{"0":[0]},"fnMap":{"0":{"name":"(empty-report)","decl":{"start":{"line":1,"column":1348},"end":{"line":56,"column":2}},"loc":{"start":{"line":1,"column":1348},"end":{"line":56,"column":2}},"line":1}},"f":{"0":0}}
,"/home/kavia/workspace/code-generation/campus-bus-management-system-8844/frontend_web_app/postcss.config.js": {"path":"/home/kavia/workspace/code-generation/campus-bus-management-system-8844/frontend_web_app/postcss.config.js","all":true,"statementMap":{"0":{"start":{"line":1,"column":0},"end":{"line":1,"column":16}},"1":{"start":{"line":2,"column":0},"end":{"line":2,"column":12}},"2":{"start":{"line":3,"column":0},"end":{"line":3,"column":20}},"3":{"start":{"line":4,"column":0},"end":{"line":4,"column":20}},"4":{"start":{"line":5,"column":0},"end":{"line":5,"column":3}},"5":{"start":{"line":6,"column":0},"end":{"line":6,"column":2}}},"s":{"0":0,"1":0,"2":0,"3":0,"4":0,"5":0},"branchMap":{"0":{"type":"branch","line":1,"loc":{"start":{"line":1,"column":78},"end":{"line":6,"column":2}},"locations":[{"start":{"line":1,"column":78},"end":{"line":6,"column":2}}]}},"b":{"0":[0]},"fnMap":{"0":{"name":"(empty-report)","decl":{"start":{"line":1,"column":78},"end":{"line":6,"column":2}},"loc":{"start":{"line":1,"column":78},"end":{"line":6,"column":2}},"line":1}},"f":{"0":0}}
,"/home/kavia/workspace/code-generation/campus-bus-management-system-8844/frontend_web_app/tailwind.config.js": {"path":"/home/kavia/workspace/code-generation/campus-bus-management-system-8844/frontend_web_app/tailwind.config.js","all":true,"statementMap":{"0":{"start":{"line":1,"column":0},"end":{"line":1,"column":43}},"1":{"start":{"line":2,"column":0},"end":{"line":2,"column":16}},"2":{"start":{"line":3,"column":0},"end":{"line":3,"column":12}},"3":{"start":{"line":4,"column":0},"end":{"line":4,"column":61}},"4":{"start":{"line":5,"column":0},"end":{"line":5,"column":4}},"5":{"start":{"line":6,"column":0},"end":{"line":6,"column":10}},"6":{"start":{"line":7,"column":0},"end":{"line":7,"column":13}},"7":{"start":{"line":8,"column":0},"end":{"line":8,"column":15}},"8":{"start":{"line":9,"column":0},"end":{"line":9,"column":28}},"9":{"start":{"line":10,"column":0},"end":{"line":10,"column":43}},"10":{"start":{"line":11,"column":0},"end":{"line":11,"column":41}},"11":{"start":{"line":12,"column":0},"end":{"line":12,"column":44}},"12":{"start":{"line":13,"column":0},"end":{"line":13,"column":8}},"13":{"start":{"line":14,"column":0},"end":{"line":14,"column":16}},"14":{"start":{"line":15,"column":0},"end":{"line":15,"column":20}},"15":{"start":{"line":16,"column":0},"end":{"line":16,"column":52}},"16":{"start":{"line":17,"column":0},"end":{"line":17,"column":8}},"17":{"start":{"line":18,"column":0},"end":{"line":18,"column":21}},"18":{"start":{"line":19,"column":0},"end":{"line":19,"column":21}},"19":{"start":{"line":20,"column":0},"end":{"line":20,"column":8}},"20":{"start":{"line":21,"column":0},"end":{"line":21,"column":18}},"21":{"start":{"line":22,"column":0},"end":{"line":22,"column":20}},"22":{"start":{"line":23,"column":0},"end":{"line":23,"column":63}},"23":{"start":{"line":24,"column":0},"end":{"line":24,"column":62}},"24":{"start":{"line":25,"column":0},"end":{"line":25,"column":10}},"25":{"start":{"line":26,"column":0},"end":{"line":26,"column":21}},"26":{"start":{"line":27,"column":0},"end":{"line":27,"column":59}},"27":{"start":{"line":28,"column":0},"end":{"line":28,"column":57}},"28":{"start":{"line":29,"column":0},"end":{"line":29,"column":9}},"29":{"start":{"line":30,"column":0},"end":{"line":30,"column":8}},"30":{"start":{"line":31,"column":0},"end":{"line":31,"column":18}},"31":{"start":{"line":32,"column":0},"end":{"line":32,"column":49}},"32":{"start":{"line":33,"column":0},"end":{"line":33,"column":50}},"33":{"start":{"line":34,"column":0},"end":{"line":34,"column":8}},"34":{"start":{"line":35,"column":0},"end":{"line":35,"column":18}},"35":{"start":{"line":36,"column":0},"end":{"line":36,"column":44}},"36":{"start":{"line":37,"column":0},"end":{"line":37,"column":46}},"37":{"start":{"line":38,"column":0},"end":{"line":38,"column":7}},"38":{"start":{"line":39,"column":0},"end":{"line":39,"column":6}},"39":{"start":{"line":40,"column":0},"end":{"line":40,"column":17}},"40":{"start":{"line":41,"column":0},"end":{"line":41,"column":170}},"41":{"start":{"line":42,"column":0},"end":{"line":42,"column":5}},"42":{"start":{"line":43,"column":0},"end":{"line":43,"column":4}},"43":{"start":{"line":44,"column":0},"end":{"line":44,"column":13}},"44":{"start":{"line":45,"column":0},"end":{"line":45,"column":2}}},"s":{"0":0,"1":0,"2":0,"3":0,"4":0,"5":0,"6":0,"7":0,"8":0,"9":0,"10":0,"11":0,"12":0,"13":0,"14":0,"15":0,"16":0,"17":0,"18":0,"19":0,"20":0,"21":0,"22":0,"23":0,"24":0,"25":0,"26":0,"27":0,"28":0,"29":0,"30":0,"31":0,"32":0,"33":0,"34":0,"35":0,"36":0,"37":0,"38":0,"39":0,"40":0,"41":0,"42":0,"43":0,"44":0},"branchMap":{"0":{"type":"branch","line":1,"loc":{"start":{"line":1,"column":1312},"end":{"line":45,"column":2}},"locations":[{"start":{"line":1,"column":1312},"end":{"line":45,"column":2}}]}},"b":{"0":[0]},"fnMap":{"0":{"name":"(empty-report)","decl":{"start":{"line":1,"column":1312},"end":{"line":45,"column":2}},"loc":{"start":{"line":1,"column":1312},"end":{"line":45,"column":2}},"line":1}},"f":{"0":0}}
,"/home/kavia/workspace/code-generation/campus-bus-management-system-8844/frontend_web_app/.astro/content-assets.mjs": {"path":"/home/kavia/workspace/code-generation/campus-bus-management-system-8844/frontend_web_app/.astro/content-assets.mjs","all":true,"statementMap":{"0":{"start":{"line":1,"column":0},"end":{"line":1,"column":25}}},"s":{"0":0},"branchMap":{"0":{"type":"branch","line":1,"loc":{"start":{"line":1,"column":25},"end":{"line":1,"column":25}},"locations":[{"start":{"line":1,"column":25},"end":{"line":1,"column":25}}]}},"b":{"0":[0]},"fnMap":{"0":{"name":"(empty-report)","decl":{"start":{"line":1,"column":25},"end":{"line":1,"column":25}},"loc":{"start":{"line":1,"column":25},"end":{"line":1,"column":25}},"line":1}},"f":{"0":0}}
,"/home/kavia/workspace/code-generation/campus-bus-management-system-8844/frontend_web_app/.astro/content-modules.mjs": {"path":"/home/kavia/workspace/code-generation/campus-bus-management-system-8844/frontend_web_app/.astro/content-modules.mjs","all":true,"statementMap":{"0":{"start":{"line":1,"column":0},"end":{"line":1,"column":25}}},"s":{"0":0},"branchMap":{"0":{"type":"branch","line":1,"loc":{"start":{"line":1,"column":25},"end":{"line":1,"column":25}},"locations":[{"start":{"line":1,"column":25},"end":{"line":1,"column":25}}]}},"b":{"0":[0]},"fnMap":{"0":{"name":"(empty-report)","decl":{"start":{"line":1,"column":25},"end":{"line":1,"column":25}},"loc":{"start":{"line":1,"column":25},"end":{"line":1,"column":25}},"line":1}},"f":{"0":0}}
,"/home/kavia/workspace/code-generation/campus-bus-management-system-8844/frontend_web_app/.astro/content.d.ts": {"path":"/home/kavia/workspace/code-generation/campus-bus-management-system-8844/frontend_web_app/.astro/content.d.ts","all":true,"statementMap":{},"s":{},"branchMap":{"0":{"type":"branch","line":1,"loc":{"start":{"line":1,"column":4875},"end":{"line":156,"column":1}},"locations":[{"start":{"line":1,"column":4875},"end":{"line":156,"column":1}}]}},"b":{"0":[1]},"fnMap":{"0":{"name":"(empty-report)","decl":{"start":{"line":1,"column":4875},"end":{"line":156,"column":1}},"loc":{"start":{"line":1,"column":4875},"end":{"line":156,"column":1}},"line":1}},"f":{"0":1}}
,"/home/kavia/workspace/code-generation/campus-bus-management-system-8844/frontend_web_app/.astro/types.d.ts": {"path":"/home/kavia/workspace/code-generation/campus-bus-management-system-8844/frontend_web_app/.astro/types.d.ts","all":true,"statementMap":{},"s":{},"branchMap":{"0":{"type":"branch","line":1,"loc":{"start":{"line":1,"column":76},"end":{"line":2,"column":37}},"locations":[{"start":{"line":1,"column":76},"end":{"line":2,"column":37}}]}},"b":{"0":[1]},"fnMap":{"0":{"name":"(empty-report)","decl":{"start":{"line":1,"column":76},"end":{"line":2,"column":37}},"loc":{"start":{"line":1,"column":76},"end":{"line":2,"column":37}},"line":1}},"f":{"0":1}}
,"/home/kavia/workspace/code-generation/campus-bus-management-system-8844/frontend_web_app/src/components/charts/barChartClient.js": {"path":"/home/kavia/workspace/code-generation/campus-bus-management-system-8844/frontend_web_app/src/components/charts/barChartClient.js","all":true,"statementMap":{"0":{"start":{"line":1,"column":0},"end":{"line":1,"column":2}},"1":{"start":{"line":2,"column":0},"end":{"line":2,"column":36}},"2":{"start":{"line":3,"column":0},"end":{"line":3,"column":19}},"3":{"start":{"line":4,"column":0},"end":{"line":4,"column":68}},"4":{"start":{"line":5,"column":0},"end":{"line":5,"column":8}},"15":{"start":{"line":16,"column":0},"end":{"line":16,"column":94}},"17":{"start":{"line":18,"column":0},"end":{"line":18,"column":25}},"18":{"start":{"line":19,"column":0},"end":{"line":19,"column":80}},"19":{"start":{"line":20,"column":0},"end":{"line":20,"column":1}},"20":{"start":{"line":21,"column":0},"end":{"line":21,"column":25}},"21":{"start":{"line":22,"column":0},"end":{"line":22,"column":104}},"22":{"start":{"line":23,"column":0},"end":{"line":23,"column":1}},"24":{"start":{"line":25,"column":0},"end":{"line":25,"column":19}},"25":{"start":{"line":26,"column":0},"end":{"line":26,"column":33}},"26":{"start":{"line":27,"column":0},"end":{"line":27,"column":70}},"27":{"start":{"line":28,"column":0},"end":{"line":28,"column":29}},"28":{"start":{"line":29,"column":0},"end":{"line":29,"column":58}},"29":{"start":{"line":30,"column":0},"end":{"line":30,"column":58}},"30":{"start":{"line":31,"column":0},"end":{"line":31,"column":49}},"32":{"start":{"line":33,"column":0},"end":{"line":33,"column":34}},"33":{"start":{"line":34,"column":0},"end":{"line":34,"column":18}},"34":{"start":{"line":35,"column":0},"end":{"line":35,"column":13}},"35":{"start":{"line":36,"column":0},"end":{"line":36,"column":15}},"36":{"start":{"line":37,"column":0},"end":{"line":37,"column":19}},"37":{"start":{"line":38,"column":0},"end":{"line":38,"column":11}},"38":{"start":{"line":39,"column":0},"end":{"line":39,"column":40}},"39":{"start":{"line":40,"column":0},"end":{"line":40,"column":25}},"40":{"start":{"line":41,"column":0},"end":{"line":41,"column":42}},"41":{"start":{"line":42,"column":0},"end":{"line":42,"column":31}},"42":{"start":{"line":43,"column":0},"end":{"line":43,"column":29}},"43":{"start":{"line":44,"column":0},"end":{"line":44,"column":28}},"44":{"start":{"line":45,"column":0},"end":{"line":45,"column":32}},"45":{"start":{"line":46,"column":0},"end":{"line":46,"column":12}},"46":{"start":{"line":47,"column":0},"end":{"line":47,"column":10}},"47":{"start":{"line":48,"column":0},"end":{"line":48,"column":8}},"48":{"start":{"line":49,"column":0},"end":{"line":49,"column":16}},"49":{"start":{"line":50,"column":0},"end":{"line":50,"column":25}},"50":{"start":{"line":51,"column":0},"end":{"line":51,"column":35}},"51":{"start":{"line":52,"column":0},"end":{"line":52,"column":23}},"52":{"start":{"line":53,"column":0},"end":{"line":53,"column":18}},"53":{"start":{"line":54,"column":0},"end":{"line":54,"column":71}},"54":{"start":{"line":55,"column":0},"end":{"line":55,"column":55}},"55":{"start":{"line":56,"column":0},"end":{"line":56,"column":36}},"56":{"start":{"line":57,"column":0},"end":{"line":57,"column":10}},"57":{"start":{"line":58,"column":0},"end":{"line":58,"column":17}},"58":{"start":{"line":59,"column":0},"end":{"line":59,"column":14}},"59":{"start":{"line":60,"column":0},"end":{"line":60,"column":45}},"60":{"start":{"line":61,"column":0},"end":{"line":61,"column":44}},"61":{"start":{"line":62,"column":0},"end":{"line":62,"column":12}},"62":{"start":{"line":63,"column":0},"end":{"line":63,"column":14}},"63":{"start":{"line":64,"column":0},"end":{"line":64,"column":71}},"64":{"start":{"line":65,"column":0},"end":{"line":65,"column":44}},"65":{"start":{"line":66,"column":0},"end":{"line":66,"column":28}},"66":{"start":{"line":67,"column":0},"end":{"line":67,"column":30}},"67":{"start":{"line":68,"column":0},"end":{"line":68,"column":12}},"68":{"start":{"line":69,"column":0},"end":{"line":69,"column":10}},"69":{"start":{"line":70,"column":0},"end":{"line":70,"column":8}},"70":{"start":{"line":71,"column":0},"end":{"line":71,"column":7}},"72":{"start":{"line":73,"column":0},"end":{"line":73,"column":49}},"73":{"start":{"line":74,"column":0},"end":{"line":74,"column":39}},"74":{"start":{"line":75,"column":0},"end":{"line":75,"column":39}},"75":{"start":{"line":76,"column":0},"end":{"line":76,"column":60}},"76":{"start":{"line":77,"column":0},"end":{"line":77,"column":53}},"77":{"start":{"line":78,"column":0},"end":{"line":78,"column":53}},"78":{"start":{"line":79,"column":0},"end":{"line":79,"column":52}},"79":{"start":{"line":80,"column":0},"end":{"line":80,"column":52}},"80":{"start":{"line":81,"column":0},"end":{"line":81,"column":21}},"81":{"start":{"line":82,"column":0},"end":{"line":82,"column":7}},"82":{"start":{"line":83,"column":0},"end":{"line":83,"column":86}},"83":{"start":{"line":84,"column":0},"end":{"line":84,"column":5}},"84":{"start":{"line":85,"column":0},"end":{"line":85,"column":1}},"86":{"start":{"line":87,"column":0},"end":{"line":87,"column":40}},"87":{"start":{"line":88,"column":0},"end":{"line":88,"column":63}},"88":{"start":{"line":89,"column":0},"end":{"line":89,"column":8}},"89":{"start":{"line":90,"column":0},"end":{"line":90,"column":18}},"90":{"start":{"line":91,"column":0},"end":{"line":91,"column":1}}},"s":{"0":0,"1":0,"2":0,"3":0,"4":0,"15":0,"17":0,"18":0,"19":0,"20":0,"21":0,"22":0,"24":0,"25":0,"26":0,"27":0,"28":0,"29":0,"30":0,"32":0,"33":0,"34":0,"35":0,"36":0,"37":0,"38":0,"39":0,"40":0,"41":0,"42":0,"43":0,"44":0,"45":0,"46":0,"47":0,"48":0,"49":0,"50":0,"51":0,"52":0,"53":0,"54":0,"55":0,"56":0,"57":0,"58":0,"59":0,"60":0,"61":0,"62":0,"63":0,"64":0,"65":0,"66":0,"67":0,"68":0,"69":0,"70":0,"72":0,"73":0,"74":0,"75":0,"76":0,"77":0,"78":0,"79":0,"80":0,"81":0,"82":0,"83":0,"84":0,"86":0,"87":0,"88":0,"89":0,"90":0},"branchMap":{"0":{"type":"branch","line":1,"loc":{"start":{"line":1,"column":2640},"end":{"line":91,"column":1}},"locations":[{"start":{"line":1,"column":2640},"end":{"line":91,"column":1}}]}},"b":{"0":[0]},"fnMap":{"0":{"name":"(empty-report)","decl":{"start":{"line":1,"column":2640},"end":{"line":91,"column":1}},"loc":{"start":{"line":1,"column":2640},"end":{"line":91,"column":1}},"line":1}},"f":{"0":0}}
,"/home/kavia/workspace/code-generation/campus-bus-management-system-8844/frontend_web_app/src/components/charts/lineChartClient.js": {"path":"/home/kavia/workspace/code-generation/campus-bus-management-system-8844/frontend_web_app/src/components/charts/lineChartClient.js","all":true,"statementMap":{"0":{"start":{"line":1,"column":0},"end":{"line":1,"column":2}},"1":{"start":{"line":2,"column":0},"end":{"line":2,"column":37}},"2":{"start":{"line":3,"column":0},"end":{"line":3,"column":19}},"3":{"start":{"line":4,"column":0},"end":{"line":4,"column":8}},"15":{"start":{"line":16,"column":0},"end":{"line":16,"column":111}},"17":{"start":{"line":18,"column":0},"end":{"line":18,"column":25}},"18":{"start":{"line":19,"column":0},"end":{"line":19,"column":80}},"19":{"start":{"line":20,"column":0},"end":{"line":20,"column":1}},"20":{"start":{"line":21,"column":0},"end":{"line":21,"column":25}},"21":{"start":{"line":22,"column":0},"end":{"line":22,"column":104}},"22":{"start":{"line":23,"column":0},"end":{"line":23,"column":1}},"24":{"start":{"line":25,"column":0},"end":{"line":25,"column":19}},"25":{"start":{"line":26,"column":0},"end":{"line":26,"column":34}},"26":{"start":{"line":27,"column":0},"end":{"line":27,"column":71}},"27":{"start":{"line":28,"column":0},"end":{"line":28,"column":29}},"28":{"start":{"line":29,"column":0},"end":{"line":29,"column":58}},"29":{"start":{"line":30,"column":0},"end":{"line":30,"column":58}},"30":{"start":{"line":31,"column":0},"end":{"line":31,"column":49}},"32":{"start":{"line":33,"column":0},"end":{"line":33,"column":34}},"33":{"start":{"line":34,"column":0},"end":{"line":34,"column":19}},"34":{"start":{"line":35,"column":0},"end":{"line":35,"column":13}},"35":{"start":{"line":36,"column":0},"end":{"line":36,"column":15}},"36":{"start":{"line":37,"column":0},"end":{"line":37,"column":19}},"37":{"start":{"line":38,"column":0},"end":{"line":38,"column":11}},"38":{"start":{"line":39,"column":0},"end":{"line":39,"column":30}},"39":{"start":{"line":40,"column":0},"end":{"line":40,"column":25}},"40":{"start":{"line":41,"column":0},"end":{"line":41,"column":23}},"41":{"start":{"line":42,"column":0},"end":{"line":42,"column":31}},"42":{"start":{"line":43,"column":0},"end":{"line":43,"column":42}},"43":{"start":{"line":44,"column":0},"end":{"line":44,"column":27}},"44":{"start":{"line":45,"column":0},"end":{"line":45,"column":32}},"45":{"start":{"line":46,"column":0},"end":{"line":46,"column":26}},"46":{"start":{"line":47,"column":0},"end":{"line":47,"column":12}},"47":{"start":{"line":48,"column":0},"end":{"line":48,"column":10}},"48":{"start":{"line":49,"column":0},"end":{"line":49,"column":8}},"49":{"start":{"line":50,"column":0},"end":{"line":50,"column":16}},"50":{"start":{"line":51,"column":0},"end":{"line":51,"column":25}},"51":{"start":{"line":52,"column":0},"end":{"line":52,"column":35}},"52":{"start":{"line":53,"column":0},"end":{"line":53,"column":18}},"53":{"start":{"line":54,"column":0},"end":{"line":54,"column":71}},"54":{"start":{"line":55,"column":0},"end":{"line":55,"column":55}},"55":{"start":{"line":56,"column":0},"end":{"line":56,"column":10}},"56":{"start":{"line":57,"column":0},"end":{"line":57,"column":17}},"57":{"start":{"line":58,"column":0},"end":{"line":58,"column":14}},"58":{"start":{"line":59,"column":0},"end":{"line":59,"column":45}},"59":{"start":{"line":60,"column":0},"end":{"line":60,"column":44}},"60":{"start":{"line":61,"column":0},"end":{"line":61,"column":12}},"61":{"start":{"line":62,"column":0},"end":{"line":62,"column":14}},"62":{"start":{"line":63,"column":0},"end":{"line":63,"column":45}},"63":{"start":{"line":64,"column":0},"end":{"line":64,"column":44}},"64":{"start":{"line":65,"column":0},"end":{"line":65,"column":28}},"65":{"start":{"line":66,"column":0},"end":{"line":66,"column":12}},"66":{"start":{"line":67,"column":0},"end":{"line":67,"column":10}},"67":{"start":{"line":68,"column":0},"end":{"line":68,"column":8}},"68":{"start":{"line":69,"column":0},"end":{"line":69,"column":7}},"70":{"start":{"line":71,"column":0},"end":{"line":71,"column":49}},"71":{"start":{"line":72,"column":0},"end":{"line":72,"column":39}},"72":{"start":{"line":73,"column":0},"end":{"line":73,"column":39}},"73":{"start":{"line":74,"column":0},"end":{"line":74,"column":60}},"74":{"start":{"line":75,"column":0},"end":{"line":75,"column":53}},"75":{"start":{"line":76,"column":0},"end":{"line":76,"column":53}},"76":{"start":{"line":77,"column":0},"end":{"line":77,"column":52}},"77":{"start":{"line":78,"column":0},"end":{"line":78,"column":52}},"78":{"start":{"line":79,"column":0},"end":{"line":79,"column":21}},"79":{"start":{"line":80,"column":0},"end":{"line":80,"column":7}},"80":{"start":{"line":81,"column":0},"end":{"line":81,"column":86}},"81":{"start":{"line":82,"column":0},"end":{"line":82,"column":5}},"82":{"start":{"line":83,"column":0},"end":{"line":83,"column":1}},"84":{"start":{"line":85,"column":0},"end":{"line":85,"column":40}},"85":{"start":{"line":86,"column":0},"end":{"line":86,"column":64}},"86":{"start":{"line":87,"column":0},"end":{"line":87,"column":8}},"87":{"start":{"line":88,"column":0},"end":{"line":88,"column":19}},"88":{"start":{"line":89,"column":0},"end":{"line":89,"column":1}}},"s":{"0":0,"1":0,"2":0,"3":0,"15":0,"17":0,"18":0,"19":0,"20":0,"21":0,"22":0,"24":0,"25":0,"26":0,"27":0,"28":0,"29":0,"30":0,"32":0,"33":0,"34":0,"35":0,"36":0,"37":0,"38":0,"39":0,"40":0,"41":0,"42":0,"43":0,"44":0,"45":0,"46":0,"47":0,"48":0,"49":0,"50":0,"51":0,"52":0,"53":0,"54":0,"55":0,"56":0,"57":0,"58":0,"59":0,"60":0,"61":0,"62":0,"63":0,"64":0,"65":0,"66":0,"67":0,"68":0,"70":0,"71":0,"72":0,"73":0,"74":0,"75":0,"76":0,"77":0,"78":0,"79":0,"80":0,"81":0,"82":0,"84":0,"85":0,"86":0,"87":0,"88":0},"branchMap":{"0":{"type":"branch","line":1,"loc":{"start":{"line":1,"column":2505},"end":{"line":89,"column":1}},"locations":[{"start":{"line":1,"column":2505},"end":{"line":89,"column":1}}]}},"b":{"0":[0]},"fnMap":{"0":{"name":"(empty-report)","decl":{"start":{"line":1,"column":2505},"end":{"line":89,"column":1}},"loc":{"start":{"line":1,"column":2505},"end":{"line":89,"column":1}},"line":1}},"f":{"0":0}}
,"/home/kavia/workspace/code-generation/campus-bus-management-system-8844/frontend_web_app/src/components/charts/pieChartClient.js": {"path":"/home/kavia/workspace/code-generation/campus-bus-management-system-8844/frontend_web_app/src/components/charts/pieChartClient.js","all":true,"statementMap":{"0":{"start":{"line":1,"column":0},"end":{"line":1,"column":2}},"1":{"start":{"line":2,"column":0},"end":{"line":2,"column":36}},"2":{"start":{"line":3,"column":0},"end":{"line":3,"column":19}},"3":{"start":{"line":4,"column":0},"end":{"line":4,"column":8}},"10":{"start":{"line":11,"column":0},"end":{"line":11,"column":44}},"12":{"start":{"line":13,"column":0},"end":{"line":13,"column":25}},"13":{"start":{"line":14,"column":0},"end":{"line":14,"column":80}},"14":{"start":{"line":15,"column":0},"end":{"line":15,"column":1}},"16":{"start":{"line":17,"column":0},"end":{"line":17,"column":19}},"17":{"start":{"line":18,"column":0},"end":{"line":18,"column":33}},"18":{"start":{"line":19,"column":0},"end":{"line":19,"column":70}},"19":{"start":{"line":20,"column":0},"end":{"line":20,"column":29}},"20":{"start":{"line":21,"column":0},"end":{"line":21,"column":58}},"21":{"start":{"line":22,"column":0},"end":{"line":22,"column":58}},"22":{"start":{"line":23,"column":0},"end":{"line":23,"column":58}},"24":{"start":{"line":25,"column":0},"end":{"line":25,"column":34}},"25":{"start":{"line":26,"column":0},"end":{"line":26,"column":18}},"26":{"start":{"line":27,"column":0},"end":{"line":27,"column":13}},"27":{"start":{"line":28,"column":0},"end":{"line":28,"column":15}},"28":{"start":{"line":29,"column":0},"end":{"line":29,"column":19}},"29":{"start":{"line":30,"column":0},"end":{"line":30,"column":11}},"30":{"start":{"line":31,"column":0},"end":{"line":31,"column":25}},"31":{"start":{"line":32,"column":0},"end":{"line":32,"column":57}},"32":{"start":{"line":33,"column":0},"end":{"line":33,"column":32}},"33":{"start":{"line":34,"column":0},"end":{"line":34,"column":27}},"34":{"start":{"line":35,"column":0},"end":{"line":35,"column":12}},"35":{"start":{"line":36,"column":0},"end":{"line":36,"column":10}},"36":{"start":{"line":37,"column":0},"end":{"line":37,"column":8}},"37":{"start":{"line":38,"column":0},"end":{"line":38,"column":16}},"38":{"start":{"line":39,"column":0},"end":{"line":39,"column":25}},"39":{"start":{"line":40,"column":0},"end":{"line":40,"column":35}},"40":{"start":{"line":41,"column":0},"end":{"line":41,"column":18}},"41":{"start":{"line":42,"column":0},"end":{"line":42,"column":19}},"42":{"start":{"line":43,"column":0},"end":{"line":43,"column":31}},"43":{"start":{"line":44,"column":0},"end":{"line":44,"column":102}},"44":{"start":{"line":45,"column":0},"end":{"line":45,"column":12}},"45":{"start":{"line":46,"column":0},"end":{"line":46,"column":84}},"46":{"start":{"line":47,"column":0},"end":{"line":47,"column":10}},"47":{"start":{"line":48,"column":0},"end":{"line":48,"column":8}},"48":{"start":{"line":49,"column":0},"end":{"line":49,"column":7}},"50":{"start":{"line":51,"column":0},"end":{"line":51,"column":49}},"51":{"start":{"line":52,"column":0},"end":{"line":52,"column":65}},"52":{"start":{"line":53,"column":0},"end":{"line":53,"column":21}},"53":{"start":{"line":54,"column":0},"end":{"line":54,"column":7}},"54":{"start":{"line":55,"column":0},"end":{"line":55,"column":86}},"55":{"start":{"line":56,"column":0},"end":{"line":56,"column":5}},"56":{"start":{"line":57,"column":0},"end":{"line":57,"column":1}},"58":{"start":{"line":59,"column":0},"end":{"line":59,"column":40}},"59":{"start":{"line":60,"column":0},"end":{"line":60,"column":63}},"60":{"start":{"line":61,"column":0},"end":{"line":61,"column":8}},"61":{"start":{"line":62,"column":0},"end":{"line":62,"column":18}},"62":{"start":{"line":63,"column":0},"end":{"line":63,"column":1}}},"s":{"0":0,"1":0,"2":0,"3":0,"10":0,"12":0,"13":0,"14":0,"16":0,"17":0,"18":0,"19":0,"20":0,"21":0,"22":0,"24":0,"25":0,"26":0,"27":0,"28":0,"29":0,"30":0,"31":0,"32":0,"33":0,"34":0,"35":0,"36":0,"37":0,"38":0,"39":0,"40":0,"41":0,"42":0,"43":0,"44":0,"45":0,"46":0,"47":0,"48":0,"50":0,"51":0,"52":0,"53":0,"54":0,"55":0,"56":0,"58":0,"59":0,"60":0,"61":0,"62":0},"branchMap":{"0":{"type":"branch","line":1,"loc":{"start":{"line":1,"column":1672},"end":{"line":63,"column":1}},"locations":[{"start":{"line":1,"column":1672},"end":{"line":63,"column":1}}]}},"b":{"0":[0]},"fnMap":{"0":{"name":"(empty-report)","decl":{"start":{"line":1,"column":1672},"end":{"line":63,"column":1}},"loc":{"start":{"line":1,"column":1672},"end":{"line":63,"column":1}},"line":1}},"f":{"0":0}}
,"/home/kavia/workspace/code-generation/campus-bus-management-system-8844/frontend_web_app/src/lib/mockData.ts": {"path":"/home/kavia/workspace/code-generation/campus-bus-management-system-8844/frontend_web_app/src/lib/mockData.ts","all":false,"statementMap":{"8":{"start":{"line":9,"column":0},"end":{"line":9,"column":27}},"9":{"start":{"line":10,"column":0},"end":{"line":10,"column":34}},"10":{"start":{"line":11,"column":0},"end":{"line":11,"column":1}},"12":{"start":{"line":13,"column":0},"end":{"line":13,"column":91}},"13":{"start":{"line":14,"column":0},"end":{"line":14,"column":23}},"14":{"start":{"line":15,"column":0},"end":{"line":15,"column":52}},"15":{"start":{"line":16,"column":0},"end":{"line":16,"column":1}},"18":{"start":{"line":19,"column":0},"end":{"line":19,"column":18}},"19":{"start":{"line":20,"column":0},"end":{"line":20,"column":30}},"20":{"start":{"line":21,"column":0},"end":{"line":21,"column":32}},"21":{"start":{"line":22,"column":0},"end":{"line":22,"column":38}},"22":{"start":{"line":23,"column":0},"end":{"line":23,"column":11}},"24":{"start":{"line":25,"column":0},"end":{"line":25,"column":19}},"25":{"start":{"line":26,"column":0},"end":{"line":26,"column":24}},"26":{"start":{"line":27,"column":0},"end":{"line":27,"column":20}},"27":{"start":{"line":28,"column":0},"end":{"line":28,"column":24}},"28":{"start":{"line":29,"column":0},"end":{"line":29,"column":11}},"30":{"start":{"line":31,"column":0},"end":{"line":31,"column":16}},"31":{"start":{"line":32,"column":0},"end":{"line":32,"column":18}},"32":{"start":{"line":33,"column":0},"end":{"line":33,"column":16}},"33":{"start":{"line":34,"column":0},"end":{"line":34,"column":18}},"34":{"start":{"line":35,"column":0},"end":{"line":35,"column":11}},"36":{"start":{"line":37,"column":0},"end":{"line":37,"column":21}},"37":{"start":{"line":38,"column":0},"end":{"line":38,"column":19}},"38":{"start":{"line":39,"column":0},"end":{"line":39,"column":19}},"39":{"start":{"line":40,"column":0},"end":{"line":40,"column":19}},"40":{"start":{"line":41,"column":0},"end":{"line":41,"column":11}},"45":{"start":{"line":46,"column":0},"end":{"line":46,"column":25}},"46":{"start":{"line":47,"column":0},"end":{"line":47,"column":15}},"47":{"start":{"line":48,"column":0},"end":{"line":48,"column":26}},"48":{"start":{"line":49,"column":0},"end":{"line":49,"column":18}},"49":{"start":{"line":50,"column":0},"end":{"line":50,"column":29}},"50":{"start":{"line":51,"column":0},"end":{"line":51,"column":57}},"51":{"start":{"line":52,"column":0},"end":{"line":52,"column":26}},"52":{"start":{"line":53,"column":0},"end":{"line":53,"column":25}},"53":{"start":{"line":54,"column":0},"end":{"line":54,"column":21}},"54":{"start":{"line":55,"column":0},"end":{"line":55,"column":60}},"55":{"start":{"line":56,"column":0},"end":{"line":56,"column":5}},"56":{"start":{"line":57,"column":0},"end":{"line":57,"column":15}},"57":{"start":{"line":58,"column":0},"end":{"line":58,"column":27}},"58":{"start":{"line":59,"column":0},"end":{"line":59,"column":18}},"59":{"start":{"line":60,"column":0},"end":{"line":60,"column":23}},"60":{"start":{"line":61,"column":0},"end":{"line":61,"column":58}},"61":{"start":{"line":62,"column":0},"end":{"line":62,"column":26}},"62":{"start":{"line":63,"column":0},"end":{"line":63,"column":25}},"63":{"start":{"line":64,"column":0},"end":{"line":64,"column":21}},"64":{"start":{"line":65,"column":0},"end":{"line":65,"column":5}},"65":{"start":{"line":66,"column":0},"end":{"line":66,"column":15}},"66":{"start":{"line":67,"column":0},"end":{"line":67,"column":30}},"67":{"start":{"line":68,"column":0},"end":{"line":68,"column":18}},"68":{"start":{"line":69,"column":0},"end":{"line":69,"column":26}},"69":{"start":{"line":70,"column":0},"end":{"line":70,"column":44}},"70":{"start":{"line":71,"column":0},"end":{"line":71,"column":26}},"71":{"start":{"line":72,"column":0},"end":{"line":72,"column":25}},"72":{"start":{"line":73,"column":0},"end":{"line":73,"column":23}},"73":{"start":{"line":74,"column":0},"end":{"line":74,"column":41}},"74":{"start":{"line":75,"column":0},"end":{"line":75,"column":5}},"75":{"start":{"line":76,"column":0},"end":{"line":76,"column":2}},"78":{"start":{"line":79,"column":0},"end":{"line":79,"column":27}},"79":{"start":{"line":80,"column":0},"end":{"line":80,"column":16}},"80":{"start":{"line":81,"column":0},"end":{"line":81,"column":24}},"81":{"start":{"line":82,"column":0},"end":{"line":82,"column":19}},"82":{"start":{"line":83,"column":0},"end":{"line":83,"column":25}},"83":{"start":{"line":84,"column":0},"end":{"line":84,"column":29}},"84":{"start":{"line":85,"column":0},"end":{"line":85,"column":33}},"85":{"start":{"line":86,"column":0},"end":{"line":86,"column":17}},"86":{"start":{"line":87,"column":0},"end":{"line":87,"column":5}},"87":{"start":{"line":88,"column":0},"end":{"line":88,"column":16}},"88":{"start":{"line":89,"column":0},"end":{"line":89,"column":22}},"89":{"start":{"line":90,"column":0},"end":{"line":90,"column":19}},"90":{"start":{"line":91,"column":0},"end":{"line":91,"column":23}},"91":{"start":{"line":92,"column":0},"end":{"line":92,"column":29}},"92":{"start":{"line":93,"column":0},"end":{"line":93,"column":33}},"93":{"start":{"line":94,"column":0},"end":{"line":94,"column":17}},"94":{"start":{"line":95,"column":0},"end":{"line":95,"column":5}},"95":{"start":{"line":96,"column":0},"end":{"line":96,"column":16}},"96":{"start":{"line":97,"column":0},"end":{"line":97,"column":24}},"97":{"start":{"line":98,"column":0},"end":{"line":98,"column":19}},"98":{"start":{"line":99,"column":0},"end":{"line":99,"column":25}},"99":{"start":{"line":100,"column":0},"end":{"line":100,"column":29}},"100":{"start":{"line":101,"column":0},"end":{"line":101,"column":33}},"101":{"start":{"line":102,"column":0},"end":{"line":102,"column":18}},"102":{"start":{"line":103,"column":0},"end":{"line":103,"column":5}},"103":{"start":{"line":104,"column":0},"end":{"line":104,"column":2}},"106":{"start":{"line":107,"column":0},"end":{"line":107,"column":22}},"107":{"start":{"line":108,"column":0},"end":{"line":108,"column":13}},"108":{"start":{"line":109,"column":0},"end":{"line":109,"column":21}},"109":{"start":{"line":110,"column":0},"end":{"line":110,"column":16}},"110":{"start":{"line":111,"column":0},"end":{"line":111,"column":19}},"111":{"start":{"line":112,"column":0},"end":{"line":112,"column":17}},"112":{"start":{"line":113,"column":0},"end":{"line":113,"column":30}},"113":{"start":{"line":114,"column":0},"end":{"line":114,"column":31}},"114":{"start":{"line":115,"column":0},"end":{"line":115,"column":21}},"115":{"start":{"line":116,"column":0},"end":{"line":116,"column":5}},"116":{"start":{"line":117,"column":0},"end":{"line":117,"column":13}},"117":{"start":{"line":118,"column":0},"end":{"line":118,"column":20}},"118":{"start":{"line":119,"column":0},"end":{"line":119,"column":16}},"119":{"start":{"line":120,"column":0},"end":{"line":120,"column":18}},"120":{"start":{"line":121,"column":0},"end":{"line":121,"column":17}},"121":{"start":{"line":122,"column":0},"end":{"line":122,"column":28}},"122":{"start":{"line":123,"column":0},"end":{"line":123,"column":32}},"123":{"start":{"line":124,"column":0},"end":{"line":124,"column":21}},"124":{"start":{"line":125,"column":0},"end":{"line":125,"column":5}},"125":{"start":{"line":126,"column":0},"end":{"line":126,"column":13}},"126":{"start":{"line":127,"column":0},"end":{"line":127,"column":21}},"127":{"start":{"line":128,"column":0},"end":{"line":128,"column":16}},"128":{"start":{"line":129,"column":0},"end":{"line":129,"column":19}},"129":{"start":{"line":130,"column":0},"end":{"line":130,"column":17}},"130":{"start":{"line":131,"column":0},"end":{"line":131,"column":19}},"131":{"start":{"line":132,"column":0},"end":{"line":132,"column":35}},"132":{"start":{"line":133,"column":0},"end":{"line":133,"column":26}},"133":{"start":{"line":134,"column":0},"end":{"line":134,"column":5}},"134":{"start":{"line":135,"column":0},"end":{"line":135,"column":2}},"137":{"start":{"line":138,"column":0},"end":{"line":138,"column":69}},"138":{"start":{"line":139,"column":0},"end":{"line":139,"column":31}},"139":{"start":{"line":140,"column":0},"end":{"line":140,"column":18}},"140":{"start":{"line":141,"column":0},"end":{"line":141,"column":23}},"141":{"start":{"line":142,"column":0},"end":{"line":142,"column":21}},"142":{"start":{"line":143,"column":0},"end":{"line":143,"column":24}},"143":{"start":{"line":144,"column":0},"end":{"line":144,"column":31}},"144":{"start":{"line":145,"column":0},"end":{"line":145,"column":26}},"145":{"start":{"line":146,"column":0},"end":{"line":146,"column":23}},"146":{"start":{"line":147,"column":0},"end":{"line":147,"column":21}},"147":{"start":{"line":148,"column":0},"end":{"line":148,"column":26}},"148":{"start":{"line":149,"column":0},"end":{"line":149,"column":5}},"149":{"start":{"line":150,"column":0},"end":{"line":150,"column":18}},"150":{"start":{"line":151,"column":0},"end":{"line":151,"column":23}},"151":{"start":{"line":152,"column":0},"end":{"line":152,"column":21}},"152":{"start":{"line":153,"column":0},"end":{"line":153,"column":23}},"153":{"start":{"line":154,"column":0},"end":{"line":154,"column":32}},"154":{"start":{"line":155,"column":0},"end":{"line":155,"column":26}},"155":{"start":{"line":156,"column":0},"end":{"line":156,"column":23}},"156":{"start":{"line":157,"column":0},"end":{"line":157,"column":21}},"157":{"start":{"line":158,"column":0},"end":{"line":158,"column":26}},"158":{"start":{"line":159,"column":0},"end":{"line":159,"column":5}},"159":{"start":{"line":160,"column":0},"end":{"line":160,"column":18}},"160":{"start":{"line":161,"column":0},"end":{"line":161,"column":23}},"161":{"start":{"line":162,"column":0},"end":{"line":162,"column":21}},"162":{"start":{"line":163,"column":0},"end":{"line":163,"column":24}},"163":{"start":{"line":164,"column":0},"end":{"line":164,"column":35}},"164":{"start":{"line":165,"column":0},"end":{"line":165,"column":26}},"165":{"start":{"line":166,"column":0},"end":{"line":166,"column":23}},"166":{"start":{"line":167,"column":0},"end":{"line":167,"column":21}},"167":{"start":{"line":168,"column":0},"end":{"line":168,"column":23}},"168":{"start":{"line":169,"column":0},"end":{"line":169,"column":5}},"169":{"start":{"line":170,"column":0},"end":{"line":170,"column":2}},"172":{"start":{"line":173,"column":0},"end":{"line":173,"column":54}},"173":{"start":{"line":174,"column":0},"end":{"line":174,"column":27}},"174":{"start":{"line":175,"column":0},"end":{"line":175,"column":36}},"175":{"start":{"line":176,"column":0},"end":{"line":176,"column":15}},"176":{"start":{"line":177,"column":0},"end":{"line":177,"column":18}},"177":{"start":{"line":178,"column":0},"end":{"line":178,"column":33}},"178":{"start":{"line":179,"column":0},"end":{"line":179,"column":21}},"179":{"start":{"line":180,"column":0},"end":{"line":180,"column":14}},"180":{"start":{"line":181,"column":0},"end":{"line":181,"column":23}},"181":{"start":{"line":182,"column":0},"end":{"line":182,"column":28}},"182":{"start":{"line":183,"column":0},"end":{"line":183,"column":25}},"183":{"start":{"line":184,"column":0},"end":{"line":184,"column":9}},"184":{"start":{"line":185,"column":0},"end":{"line":185,"column":6}},"185":{"start":{"line":186,"column":0},"end":{"line":186,"column":3}},"186":{"start":{"line":187,"column":0},"end":{"line":187,"column":15}},"187":{"start":{"line":188,"column":0},"end":{"line":188,"column":1}},"189":{"start":{"line":190,"column":0},"end":{"line":190,"column":23}},"190":{"start":{"line":191,"column":0},"end":{"line":191,"column":33}},"191":{"start":{"line":192,"column":0},"end":{"line":192,"column":31}},"192":{"start":{"line":193,"column":0},"end":{"line":193,"column":32}},"193":{"start":{"line":194,"column":0},"end":{"line":194,"column":2}},"196":{"start":{"line":197,"column":0},"end":{"line":197,"column":29}},"197":{"start":{"line":198,"column":0},"end":{"line":198,"column":17}},"198":{"start":{"line":199,"column":0},"end":{"line":199,"column":20}},"199":{"start":{"line":200,"column":0},"end":{"line":200,"column":20}},"200":{"start":{"line":201,"column":0},"end":{"line":201,"column":26}},"201":{"start":{"line":202,"column":0},"end":{"line":202,"column":31}},"202":{"start":{"line":203,"column":0},"end":{"line":203,"column":24}},"203":{"start":{"line":204,"column":0},"end":{"line":204,"column":37}},"204":{"start":{"line":205,"column":0},"end":{"line":205,"column":31}},"205":{"start":{"line":206,"column":0},"end":{"line":206,"column":25}},"206":{"start":{"line":207,"column":0},"end":{"line":207,"column":24}},"207":{"start":{"line":208,"column":0},"end":{"line":208,"column":44}},"208":{"start":{"line":209,"column":0},"end":{"line":209,"column":5}},"209":{"start":{"line":210,"column":0},"end":{"line":210,"column":17}},"210":{"start":{"line":211,"column":0},"end":{"line":211,"column":20}},"211":{"start":{"line":212,"column":0},"end":{"line":212,"column":20}},"212":{"start":{"line":213,"column":0},"end":{"line":213,"column":26}},"213":{"start":{"line":214,"column":0},"end":{"line":214,"column":32}},"214":{"start":{"line":215,"column":0},"end":{"line":215,"column":23}},"215":{"start":{"line":216,"column":0},"end":{"line":216,"column":17}},"216":{"start":{"line":217,"column":0},"end":{"line":217,"column":31}},"217":{"start":{"line":218,"column":0},"end":{"line":218,"column":25}},"218":{"start":{"line":219,"column":0},"end":{"line":219,"column":22}},"219":{"start":{"line":220,"column":0},"end":{"line":220,"column":5}},"220":{"start":{"line":221,"column":0},"end":{"line":221,"column":2}},"223":{"start":{"line":224,"column":0},"end":{"line":224,"column":35}},"226":{"start":{"line":227,"column":0},"end":{"line":227,"column":45}},"227":{"start":{"line":228,"column":0},"end":{"line":228,"column":10}},"228":{"start":{"line":229,"column":0},"end":{"line":229,"column":31}},"229":{"start":{"line":230,"column":0},"end":{"line":230,"column":26}},"230":{"start":{"line":231,"column":0},"end":{"line":231,"column":11}},"231":{"start":{"line":232,"column":0},"end":{"line":232,"column":12}},"232":{"start":{"line":233,"column":0},"end":{"line":233,"column":10}},"233":{"start":{"line":234,"column":0},"end":{"line":234,"column":14}},"234":{"start":{"line":235,"column":0},"end":{"line":235,"column":10}},"235":{"start":{"line":236,"column":0},"end":{"line":236,"column":13}},"236":{"start":{"line":237,"column":0},"end":{"line":237,"column":4}},"237":{"start":{"line":238,"column":0},"end":{"line":238,"column":1}}},"s":{"8":46,"9":46,"10":46,"12":38,"13":38,"14":38,"15":38,"18":1,"19":1,"20":1,"21":1,"22":1,"24":1,"25":1,"26":1,"27":1,"28":1,"30":1,"31":1,"32":1,"33":1,"34":1,"36":1,"37":1,"38":1,"39":1,"40":1,"45":1,"46":1,"47":1,"48":1,"49":1,"50":1,"51":1,"52":1,"53":1,"54":1,"55":1,"56":1,"57":1,"58":1,"59":1,"60":1,"61":1,"62":1,"63":1,"64":1,"65":1,"66":1,"67":1,"68":1,"69":1,"70":1,"71":1,"72":1,"73":1,"74":1,"75":1,"78":1,"79":1,"80":1,"81":1,"82":1,"83":1,"84":1,"85":1,"86":1,"87":1,"88":1,"89":1,"90":1,"91":1,"92":1,"93":1,"94":1,"95":1,"96":1,"97":1,"98":1,"99":1,"100":1,"101":1,"102":1,"103":1,"106":1,"107":1,"108":1,"109":1,"110":1,"111":1,"112":1,"113":1,"114":1,"115":1,"116":1,"117":1,"118":1,"119":1,"120":1,"121":1,"122":1,"123":1,"124":1,"125":1,"126":1,"127":1,"128":1,"129":1,"130":1,"131":1,"132":1,"133":1,"134":1,"137":1,"138":1,"139":1,"140":1,"141":1,"142":1,"143":1,"144":1,"145":1,"146":1,"147":1,"148":1,"149":1,"150":1,"151":1,"152":1,"153":1,"154":1,"155":1,"156":1,"157":1,"158":1,"159":1,"160":1,"161":1,"162":1,"163":1,"164":1,"165":1,"166":1,"167":1,"168":1,"169":1,"172":3,"173":3,"174":3,"175":24,"176":24,"177":24,"178":24,"179":24,"180":24,"181":24,"182":24,"183":24,"184":24,"185":24,"186":3,"187":3,"189":1,"190":1,"191":1,"192":1,"193":1,"196":1,"197":1,"198":1,"199":1,"200":1,"201":1,"202":1,"203":1,"204":1,"205":1,"206":1,"207":1,"208":1,"209":1,"210":1,"211":1,"212":1,"213":1,"214":1,"215":1,"216":1,"217":1,"218":1,"219":1,"220":1,"223":1,"226":1,"227":8,"228":8,"229":8,"230":8,"231":8,"232":8,"233":8,"234":8,"235":8,"236":8,"237":8},"branchMap":{"0":{"type":"branch","line":9,"loc":{"start":{"line":9,"column":0},"end":{"line":11,"column":1}},"locations":[{"start":{"line":9,"column":0},"end":{"line":11,"column":1}}]},"1":{"type":"branch","line":13,"loc":{"start":{"line":13,"column":0},"end":{"line":16,"column":1}},"locations":[{"start":{"line":13,"column":0},"end":{"line":16,"column":1}}]},"2":{"type":"branch","line":173,"loc":{"start":{"line":173,"column":0},"end":{"line":188,"column":1}},"locations":[{"start":{"line":173,"column":0},"end":{"line":188,"column":1}}]},"3":{"type":"branch","line":175,"loc":{"start":{"line":175,"column":35},"end":{"line":186,"column":3}},"locations":[{"start":{"line":175,"column":35},"end":{"line":186,"column":3}}]},"4":{"type":"branch","line":227,"loc":{"start":{"line":227,"column":7},"end":{"line":238,"column":1}},"locations":[{"start":{"line":227,"column":7},"end":{"line":238,"column":1}}]}},"b":{"0":[46],"1":[38],"2":[3],"3":[24],"4":[8]},"fnMap":{"0":{"name":"isoNow","decl":{"start":{"line":9,"column":0},"end":{"line":11,"column":1}},"loc":{"start":{"line":9,"column":0},"end":{"line":11,"column":1}},"line":9},"1":{"name":"base","decl":{"start":{"line":13,"column":0},"end":{"line":16,"column":1}},"loc":{"start":{"line":13,"column":0},"end":{"line":16,"column":1}},"line":13},"2":{"name":"makeSeats","decl":{"start":{"line":173,"column":0},"end":{"line":188,"column":1}},"loc":{"start":{"line":173,"column":0},"end":{"line":188,"column":1}},"line":173},"3":{"name":"getMockData","decl":{"start":{"line":227,"column":7},"end":{"line":238,"column":1}},"loc":{"start":{"line":227,"column":7},"end":{"line":238,"column":1}},"line":227}},"f":{"0":46,"1":38,"2":3,"3":8}}
,"/home/kavia/workspace/code-generation/campus-bus-management-system-8844/frontend_web_app/src/lib/services.ts": {"path":"/home/kavia/workspace/code-generation/campus-bus-management-system-8844/frontend_web_app/src/lib/services.ts","all":false,"statementMap":{"7":{"start":{"line":8,"column":0},"end":{"line":8,"column":60}},"24":{"start":{"line":25,"column":0},"end":{"line":25,"column":32}},"25":{"start":{"line":26,"column":0},"end":{"line":26,"column":44}},"28":{"start":{"line":29,"column":0},"end":{"line":29,"column":21}},"30":{"start":{"line":31,"column":0},"end":{"line":31,"column":85}},"31":{"start":{"line":32,"column":0},"end":{"line":32,"column":1}},"33":{"start":{"line":34,"column":0},"end":{"line":34,"column":27}},"34":{"start":{"line":35,"column":0},"end":{"line":35,"column":34}},"35":{"start":{"line":36,"column":0},"end":{"line":36,"column":1}},"38":{"start":{"line":39,"column":0},"end":{"line":39,"column":37}},"39":{"start":{"line":40,"column":0},"end":{"line":40,"column":7}},"40":{"start":{"line":41,"column":0},"end":{"line":41,"column":57}},"41":{"start":{"line":42,"column":0},"end":{"line":42,"column":54}},"42":{"start":{"line":43,"column":0},"end":{"line":43,"column":60}},"44":{"start":{"line":45,"column":0},"end":{"line":45,"column":74}},"46":{"start":{"line":47,"column":0},"end":{"line":47,"column":33}},"47":{"start":{"line":48,"column":0},"end":{"line":48,"column":62}},"48":{"start":{"line":49,"column":0},"end":{"line":49,"column":71}},"49":{"start":{"line":50,"column":0},"end":{"line":50,"column":18}},"50":{"start":{"line":51,"column":0},"end":{"line":51,"column":5}},"52":{"start":{"line":53,"column":0},"end":{"line":53,"column":53}},"54":{"start":{"line":55,"column":0},"end":{"line":55,"column":37}},"55":{"start":{"line":56,"column":0},"end":{"line":56,"column":33}},"56":{"start":{"line":57,"column":0},"end":{"line":57,"column":62}},"57":{"start":{"line":58,"column":0},"end":{"line":58,"column":71}},"58":{"start":{"line":59,"column":0},"end":{"line":59,"column":18}},"59":{"start":{"line":60,"column":0},"end":{"line":60,"column":5}},"60":{"start":{"line":61,"column":0},"end":{"line":61,"column":18}},"61":{"start":{"line":62,"column":0},"end":{"line":62,"column":11}},"63":{"start":{"line":64,"column":0},"end":{"line":64,"column":25}},"64":{"start":{"line":65,"column":0},"end":{"line":65,"column":3}},"65":{"start":{"line":66,"column":0},"end":{"line":66,"column":1}},"67":{"start":{"line":68,"column":0},"end":{"line":68,"column":39}},"68":{"start":{"line":69,"column":0},"end":{"line":69,"column":7}},"69":{"start":{"line":70,"column":0},"end":{"line":70,"column":60}},"70":{"start":{"line":71,"column":0},"end":{"line":71,"column":64}},"71":{"start":{"line":72,"column":0},"end":{"line":72,"column":11}},"73":{"start":{"line":74,"column":0},"end":{"line":74,"column":3}},"74":{"start":{"line":75,"column":0},"end":{"line":75,"column":1}},"77":{"start":{"line":78,"column":0},"end":{"line":78,"column":74}},"78":{"start":{"line":79,"column":0},"end":{"line":79,"column":28}},"79":{"start":{"line":80,"column":0},"end":{"line":80,"column":16}},"80":{"start":{"line":81,"column":0},"end":{"line":81,"column":30}},"82":{"start":{"line":83,"column":0},"end":{"line":83,"column":17}},"83":{"start":{"line":84,"column":0},"end":{"line":84,"column":14}},"84":{"start":{"line":85,"column":0},"end":{"line":85,"column":1}},"87":{"start":{"line":88,"column":0},"end":{"line":88,"column":74}},"88":{"start":{"line":89,"column":0},"end":{"line":89,"column":38}},"89":{"start":{"line":90,"column":0},"end":{"line":90,"column":1}},"91":{"start":{"line":92,"column":0},"end":{"line":92,"column":70}},"92":{"start":{"line":93,"column":0},"end":{"line":93,"column":48}},"93":{"start":{"line":94,"column":0},"end":{"line":94,"column":17}},"94":{"start":{"line":95,"column":0},"end":{"line":95,"column":23}},"95":{"start":{"line":96,"column":0},"end":{"line":96,"column":16}},"96":{"start":{"line":97,"column":0},"end":{"line":97,"column":3}},"97":{"start":{"line":98,"column":0},"end":{"line":98,"column":15}},"98":{"start":{"line":99,"column":0},"end":{"line":99,"column":1}},"100":{"start":{"line":101,"column":0},"end":{"line":101,"column":84}},"101":{"start":{"line":102,"column":0},"end":{"line":102,"column":50}},"102":{"start":{"line":103,"column":0},"end":{"line":103,"column":75}},"103":{"start":{"line":104,"column":0},"end":{"line":104,"column":38}},"104":{"start":{"line":105,"column":0},"end":{"line":105,"column":54}},"105":{"start":{"line":106,"column":0},"end":{"line":106,"column":10}},"106":{"start":{"line":107,"column":0},"end":{"line":107,"column":18}},"107":{"start":{"line":108,"column":0},"end":{"line":108,"column":24}},"108":{"start":{"line":109,"column":0},"end":{"line":109,"column":9}},"109":{"start":{"line":110,"column":0},"end":{"line":110,"column":13}},"110":{"start":{"line":111,"column":0},"end":{"line":111,"column":4}},"111":{"start":{"line":112,"column":0},"end":{"line":112,"column":1}},"114":{"start":{"line":115,"column":0},"end":{"line":115,"column":45}},"115":{"start":{"line":116,"column":0},"end":{"line":116,"column":29}},"116":{"start":{"line":117,"column":0},"end":{"line":117,"column":17}},"117":{"start":{"line":118,"column":0},"end":{"line":118,"column":14}},"118":{"start":{"line":119,"column":0},"end":{"line":119,"column":1}},"121":{"start":{"line":122,"column":0},"end":{"line":122,"column":45}},"122":{"start":{"line":123,"column":0},"end":{"line":123,"column":22}},"123":{"start":{"line":124,"column":0},"end":{"line":124,"column":1}},"126":{"start":{"line":127,"column":0},"end":{"line":127,"column":82}},"127":{"start":{"line":128,"column":0},"end":{"line":128,"column":27}},"128":{"start":{"line":129,"column":0},"end":{"line":129,"column":25}},"129":{"start":{"line":130,"column":0},"end":{"line":130,"column":1}},"132":{"start":{"line":133,"column":0},"end":{"line":133,"column":51}},"133":{"start":{"line":134,"column":0},"end":{"line":134,"column":16}},"134":{"start":{"line":135,"column":0},"end":{"line":135,"column":35}},"135":{"start":{"line":136,"column":0},"end":{"line":136,"column":41}},"136":{"start":{"line":137,"column":0},"end":{"line":137,"column":27}},"137":{"start":{"line":138,"column":0},"end":{"line":138,"column":47}},"138":{"start":{"line":139,"column":0},"end":{"line":139,"column":1}},"141":{"start":{"line":142,"column":0},"end":{"line":142,"column":113}},"142":{"start":{"line":143,"column":0},"end":{"line":143,"column":27}},"143":{"start":{"line":144,"column":0},"end":{"line":144,"column":17}},"144":{"start":{"line":145,"column":0},"end":{"line":145,"column":17}},"145":{"start":{"line":146,"column":0},"end":{"line":146,"column":38}},"146":{"start":{"line":147,"column":0},"end":{"line":147,"column":18}},"147":{"start":{"line":148,"column":0},"end":{"line":148,"column":39}},"148":{"start":{"line":149,"column":0},"end":{"line":149,"column":15}},"149":{"start":{"line":150,"column":0},"end":{"line":150,"column":37}},"150":{"start":{"line":151,"column":0},"end":{"line":151,"column":20}},"151":{"start":{"line":152,"column":0},"end":{"line":152,"column":41}},"152":{"start":{"line":153,"column":0},"end":{"line":153,"column":16}},"153":{"start":{"line":154,"column":0},"end":{"line":154,"column":37}},"154":{"start":{"line":155,"column":0},"end":{"line":155,"column":19}},"155":{"start":{"line":156,"column":0},"end":{"line":156,"column":40}},"156":{"start":{"line":157,"column":0},"end":{"line":157,"column":3}},"157":{"start":{"line":158,"column":0},"end":{"line":158,"column":1}},"160":{"start":{"line":161,"column":0},"end":{"line":161,"column":99}},"161":{"start":{"line":162,"column":0},"end":{"line":162,"column":25}},"162":{"start":{"line":163,"column":0},"end":{"line":163,"column":13}},"163":{"start":{"line":164,"column":0},"end":{"line":164,"column":15}},"164":{"start":{"line":165,"column":0},"end":{"line":165,"column":18}},"165":{"start":{"line":166,"column":0},"end":{"line":166,"column":24}},"166":{"start":{"line":167,"column":0},"end":{"line":167,"column":24}},"167":{"start":{"line":168,"column":0},"end":{"line":168,"column":4}},"168":{"start":{"line":169,"column":0},"end":{"line":169,"column":43}},"169":{"start":{"line":170,"column":0},"end":{"line":170,"column":16}},"170":{"start":{"line":171,"column":0},"end":{"line":171,"column":1}},"173":{"start":{"line":174,"column":0},"end":{"line":174,"column":79}},"174":{"start":{"line":175,"column":0},"end":{"line":175,"column":33}},"175":{"start":{"line":176,"column":0},"end":{"line":176,"column":21}},"176":{"start":{"line":177,"column":0},"end":{"line":177,"column":43}},"177":{"start":{"line":178,"column":0},"end":{"line":178,"column":25}},"178":{"start":{"line":179,"column":0},"end":{"line":179,"column":91}},"179":{"start":{"line":180,"column":0},"end":{"line":180,"column":36}},"180":{"start":{"line":181,"column":0},"end":{"line":181,"column":5}},"181":{"start":{"line":182,"column":0},"end":{"line":182,"column":17}},"182":{"start":{"line":183,"column":0},"end":{"line":183,"column":1}},"185":{"start":{"line":186,"column":0},"end":{"line":186,"column":46}},"186":{"start":{"line":187,"column":0},"end":{"line":187,"column":22}},"187":{"start":{"line":188,"column":0},"end":{"line":188,"column":21}},"188":{"start":{"line":189,"column":0},"end":{"line":189,"column":39}},"190":{"start":{"line":191,"column":0},"end":{"line":191,"column":18}},"191":{"start":{"line":192,"column":0},"end":{"line":192,"column":106}},"192":{"start":{"line":193,"column":0},"end":{"line":193,"column":64}},"193":{"start":{"line":194,"column":0},"end":{"line":194,"column":62}},"194":{"start":{"line":195,"column":0},"end":{"line":195,"column":5}},"195":{"start":{"line":196,"column":0},"end":{"line":196,"column":5}},"196":{"start":{"line":197,"column":0},"end":{"line":197,"column":17}},"197":{"start":{"line":198,"column":0},"end":{"line":198,"column":1}},"201":{"start":{"line":202,"column":0},"end":{"line":202,"column":102}},"202":{"start":{"line":203,"column":0},"end":{"line":203,"column":26}},"203":{"start":{"line":204,"column":0},"end":{"line":204,"column":13}},"204":{"start":{"line":205,"column":0},"end":{"line":205,"column":15}},"205":{"start":{"line":206,"column":0},"end":{"line":206,"column":19}},"206":{"start":{"line":207,"column":0},"end":{"line":207,"column":24}},"207":{"start":{"line":208,"column":0},"end":{"line":208,"column":24}},"208":{"start":{"line":209,"column":0},"end":{"line":209,"column":4}},"209":{"start":{"line":210,"column":0},"end":{"line":210,"column":44}},"210":{"start":{"line":211,"column":0},"end":{"line":211,"column":16}},"211":{"start":{"line":212,"column":0},"end":{"line":212,"column":1}},"214":{"start":{"line":215,"column":0},"end":{"line":215,"column":82}},"215":{"start":{"line":216,"column":0},"end":{"line":216,"column":34}},"216":{"start":{"line":217,"column":0},"end":{"line":217,"column":21}},"217":{"start":{"line":218,"column":0},"end":{"line":218,"column":44}},"218":{"start":{"line":219,"column":0},"end":{"line":219,"column":25}},"219":{"start":{"line":220,"column":0},"end":{"line":220,"column":92}},"220":{"start":{"line":221,"column":0},"end":{"line":221,"column":36}},"221":{"start":{"line":222,"column":0},"end":{"line":222,"column":5}},"222":{"start":{"line":223,"column":0},"end":{"line":223,"column":17}},"223":{"start":{"line":224,"column":0},"end":{"line":224,"column":1}},"226":{"start":{"line":227,"column":0},"end":{"line":227,"column":47}},"227":{"start":{"line":228,"column":0},"end":{"line":228,"column":22}},"228":{"start":{"line":229,"column":0},"end":{"line":229,"column":21}},"229":{"start":{"line":230,"column":0},"end":{"line":230,"column":40}},"230":{"start":{"line":231,"column":0},"end":{"line":231,"column":18}},"232":{"start":{"line":233,"column":0},"end":{"line":233,"column":108}},"233":{"start":{"line":234,"column":0},"end":{"line":234,"column":5}},"234":{"start":{"line":235,"column":0},"end":{"line":235,"column":5}},"235":{"start":{"line":236,"column":0},"end":{"line":236,"column":17}},"236":{"start":{"line":237,"column":0},"end":{"line":237,"column":1}},"240":{"start":{"line":241,"column":0},"end":{"line":241,"column":93}},"241":{"start":{"line":242,"column":0},"end":{"line":242,"column":23}},"242":{"start":{"line":243,"column":0},"end":{"line":243,"column":13}},"243":{"start":{"line":244,"column":0},"end":{"line":244,"column":15}},"244":{"start":{"line":245,"column":0},"end":{"line":245,"column":16}},"245":{"start":{"line":246,"column":0},"end":{"line":246,"column":24}},"246":{"start":{"line":247,"column":0},"end":{"line":247,"column":24}},"247":{"start":{"line":248,"column":0},"end":{"line":248,"column":4}},"248":{"start":{"line":249,"column":0},"end":{"line":249,"column":42}},"249":{"start":{"line":250,"column":0},"end":{"line":250,"column":16}},"250":{"start":{"line":251,"column":0},"end":{"line":251,"column":1}},"253":{"start":{"line":254,"column":0},"end":{"line":254,"column":73}},"254":{"start":{"line":255,"column":0},"end":{"line":255,"column":31}},"255":{"start":{"line":256,"column":0},"end":{"line":256,"column":21}},"256":{"start":{"line":257,"column":0},"end":{"line":257,"column":42}},"257":{"start":{"line":258,"column":0},"end":{"line":258,"column":25}},"258":{"start":{"line":259,"column":0},"end":{"line":259,"column":89}},"259":{"start":{"line":260,"column":0},"end":{"line":260,"column":36}},"260":{"start":{"line":261,"column":0},"end":{"line":261,"column":5}},"261":{"start":{"line":262,"column":0},"end":{"line":262,"column":17}},"262":{"start":{"line":263,"column":0},"end":{"line":263,"column":1}},"265":{"start":{"line":266,"column":0},"end":{"line":266,"column":44}},"266":{"start":{"line":267,"column":0},"end":{"line":267,"column":22}},"267":{"start":{"line":268,"column":0},"end":{"line":268,"column":21}},"268":{"start":{"line":269,"column":0},"end":{"line":269,"column":38}},"269":{"start":{"line":270,"column":0},"end":{"line":270,"column":18}},"271":{"start":{"line":272,"column":0},"end":{"line":272,"column":62}},"272":{"start":{"line":273,"column":0},"end":{"line":273,"column":54}},"273":{"start":{"line":274,"column":0},"end":{"line":274,"column":60}},"274":{"start":{"line":275,"column":0},"end":{"line":275,"column":5}},"275":{"start":{"line":276,"column":0},"end":{"line":276,"column":5}},"276":{"start":{"line":277,"column":0},"end":{"line":277,"column":17}},"277":{"start":{"line":278,"column":0},"end":{"line":278,"column":1}},"281":{"start":{"line":282,"column":0},"end":{"line":282,"column":108}},"282":{"start":{"line":283,"column":0},"end":{"line":283,"column":28}},"283":{"start":{"line":284,"column":0},"end":{"line":284,"column":13}},"284":{"start":{"line":285,"column":0},"end":{"line":285,"column":15}},"285":{"start":{"line":286,"column":0},"end":{"line":286,"column":21}},"286":{"start":{"line":287,"column":0},"end":{"line":287,"column":24}},"287":{"start":{"line":288,"column":0},"end":{"line":288,"column":24}},"288":{"start":{"line":289,"column":0},"end":{"line":289,"column":4}},"289":{"start":{"line":290,"column":0},"end":{"line":290,"column":46}},"290":{"start":{"line":291,"column":0},"end":{"line":291,"column":16}},"291":{"start":{"line":292,"column":0},"end":{"line":292,"column":1}},"294":{"start":{"line":295,"column":0},"end":{"line":295,"column":88}},"295":{"start":{"line":296,"column":0},"end":{"line":296,"column":36}},"296":{"start":{"line":297,"column":0},"end":{"line":297,"column":21}},"297":{"start":{"line":298,"column":0},"end":{"line":298,"column":46}},"298":{"start":{"line":299,"column":0},"end":{"line":299,"column":25}},"299":{"start":{"line":300,"column":0},"end":{"line":300,"column":94}},"300":{"start":{"line":301,"column":0},"end":{"line":301,"column":36}},"301":{"start":{"line":302,"column":0},"end":{"line":302,"column":5}},"302":{"start":{"line":303,"column":0},"end":{"line":303,"column":17}},"303":{"start":{"line":304,"column":0},"end":{"line":304,"column":1}},"306":{"start":{"line":307,"column":0},"end":{"line":307,"column":49}},"307":{"start":{"line":308,"column":0},"end":{"line":308,"column":22}},"308":{"start":{"line":309,"column":0},"end":{"line":309,"column":21}},"309":{"start":{"line":310,"column":0},"end":{"line":310,"column":42}},"310":{"start":{"line":311,"column":0},"end":{"line":311,"column":18}},"312":{"start":{"line":313,"column":0},"end":{"line":313,"column":34}},"313":{"start":{"line":314,"column":0},"end":{"line":314,"column":103}},"314":{"start":{"line":315,"column":0},"end":{"line":315,"column":8}},"315":{"start":{"line":316,"column":0},"end":{"line":316,"column":65}},"316":{"start":{"line":317,"column":0},"end":{"line":317,"column":5}},"317":{"start":{"line":318,"column":0},"end":{"line":318,"column":5}},"318":{"start":{"line":319,"column":0},"end":{"line":319,"column":17}},"319":{"start":{"line":320,"column":0},"end":{"line":320,"column":1}},"323":{"start":{"line":324,"column":0},"end":{"line":324,"column":96}},"324":{"start":{"line":325,"column":0},"end":{"line":325,"column":24}},"325":{"start":{"line":326,"column":0},"end":{"line":326,"column":13}},"326":{"start":{"line":327,"column":0},"end":{"line":327,"column":15}},"327":{"start":{"line":328,"column":0},"end":{"line":328,"column":17}},"328":{"start":{"line":329,"column":0},"end":{"line":329,"column":24}},"329":{"start":{"line":330,"column":0},"end":{"line":330,"column":24}},"330":{"start":{"line":331,"column":0},"end":{"line":331,"column":4}},"331":{"start":{"line":332,"column":0},"end":{"line":332,"column":42}},"332":{"start":{"line":333,"column":0},"end":{"line":333,"column":16}},"333":{"start":{"line":334,"column":0},"end":{"line":334,"column":1}},"336":{"start":{"line":337,"column":0},"end":{"line":337,"column":76}},"337":{"start":{"line":338,"column":0},"end":{"line":338,"column":32}},"338":{"start":{"line":339,"column":0},"end":{"line":339,"column":21}},"339":{"start":{"line":340,"column":0},"end":{"line":340,"column":42}},"340":{"start":{"line":341,"column":0},"end":{"line":341,"column":25}},"341":{"start":{"line":342,"column":0},"end":{"line":342,"column":90}},"342":{"start":{"line":343,"column":0},"end":{"line":343,"column":36}},"343":{"start":{"line":344,"column":0},"end":{"line":344,"column":5}},"344":{"start":{"line":345,"column":0},"end":{"line":345,"column":17}},"345":{"start":{"line":346,"column":0},"end":{"line":346,"column":1}},"348":{"start":{"line":349,"column":0},"end":{"line":349,"column":45}},"349":{"start":{"line":350,"column":0},"end":{"line":350,"column":22}},"350":{"start":{"line":351,"column":0},"end":{"line":351,"column":21}},"351":{"start":{"line":352,"column":0},"end":{"line":352,"column":38}},"352":{"start":{"line":353,"column":0},"end":{"line":353,"column":18}},"354":{"start":{"line":355,"column":0},"end":{"line":355,"column":110}},"355":{"start":{"line":356,"column":0},"end":{"line":356,"column":5}},"356":{"start":{"line":357,"column":0},"end":{"line":357,"column":5}},"357":{"start":{"line":358,"column":0},"end":{"line":358,"column":17}},"358":{"start":{"line":359,"column":0},"end":{"line":359,"column":1}},"362":{"start":{"line":363,"column":0},"end":{"line":363,"column":149}},"363":{"start":{"line":364,"column":0},"end":{"line":364,"column":27}},"364":{"start":{"line":365,"column":0},"end":{"line":365,"column":13}},"365":{"start":{"line":366,"column":0},"end":{"line":366,"column":15}},"366":{"start":{"line":367,"column":0},"end":{"line":367,"column":20}},"367":{"start":{"line":368,"column":0},"end":{"line":368,"column":38}},"368":{"start":{"line":369,"column":0},"end":{"line":369,"column":24}},"369":{"start":{"line":370,"column":0},"end":{"line":370,"column":24}},"370":{"start":{"line":371,"column":0},"end":{"line":371,"column":4}},"371":{"start":{"line":372,"column":0},"end":{"line":372,"column":21}},"372":{"start":{"line":373,"column":0},"end":{"line":373,"column":28}},"374":{"start":{"line":375,"column":0},"end":{"line":375,"column":24}},"375":{"start":{"line":376,"column":0},"end":{"line":376,"column":52}},"376":{"start":{"line":377,"column":0},"end":{"line":377,"column":17}},"377":{"start":{"line":378,"column":0},"end":{"line":378,"column":33}},"378":{"start":{"line":379,"column":0},"end":{"line":379,"column":44}},"379":{"start":{"line":380,"column":0},"end":{"line":380,"column":34}},"380":{"start":{"line":381,"column":0},"end":{"line":381,"column":7}},"381":{"start":{"line":382,"column":0},"end":{"line":382,"column":5}},"382":{"start":{"line":383,"column":0},"end":{"line":383,"column":5}},"383":{"start":{"line":384,"column":0},"end":{"line":384,"column":16}},"384":{"start":{"line":385,"column":0},"end":{"line":385,"column":1}},"387":{"start":{"line":388,"column":0},"end":{"line":388,"column":85}},"388":{"start":{"line":389,"column":0},"end":{"line":389,"column":35}},"389":{"start":{"line":390,"column":0},"end":{"line":390,"column":21}},"390":{"start":{"line":391,"column":0},"end":{"line":391,"column":45}},"391":{"start":{"line":392,"column":0},"end":{"line":392,"column":25}},"393":{"start":{"line":394,"column":0},"end":{"line":394,"column":40}},"394":{"start":{"line":395,"column":0},"end":{"line":395,"column":93}},"395":{"start":{"line":396,"column":0},"end":{"line":396,"column":36}},"398":{"start":{"line":399,"column":0},"end":{"line":399,"column":42}},"400":{"start":{"line":401,"column":0},"end":{"line":401,"column":25}},"401":{"start":{"line":402,"column":0},"end":{"line":402,"column":57}},"402":{"start":{"line":403,"column":0},"end":{"line":403,"column":23}},"403":{"start":{"line":404,"column":0},"end":{"line":404,"column":40}},"404":{"start":{"line":405,"column":0},"end":{"line":405,"column":37}},"405":{"start":{"line":406,"column":0},"end":{"line":406,"column":40}},"406":{"start":{"line":407,"column":0},"end":{"line":407,"column":9}},"407":{"start":{"line":408,"column":0},"end":{"line":408,"column":7}},"409":{"start":{"line":410,"column":0},"end":{"line":410,"column":27}},"410":{"start":{"line":411,"column":0},"end":{"line":411,"column":58}},"411":{"start":{"line":412,"column":0},"end":{"line":412,"column":22}},"412":{"start":{"line":413,"column":0},"end":{"line":413,"column":38}},"413":{"start":{"line":414,"column":0},"end":{"line":414,"column":50}},"414":{"start":{"line":415,"column":0},"end":{"line":415,"column":39}},"415":{"start":{"line":416,"column":0},"end":{"line":416,"column":9}},"416":{"start":{"line":417,"column":0},"end":{"line":417,"column":7}},"417":{"start":{"line":418,"column":0},"end":{"line":418,"column":5}},"418":{"start":{"line":419,"column":0},"end":{"line":419,"column":5}},"419":{"start":{"line":420,"column":0},"end":{"line":420,"column":17}},"420":{"start":{"line":421,"column":0},"end":{"line":421,"column":1}},"423":{"start":{"line":424,"column":0},"end":{"line":424,"column":48}},"424":{"start":{"line":425,"column":0},"end":{"line":425,"column":22}},"425":{"start":{"line":426,"column":0},"end":{"line":426,"column":21}},"426":{"start":{"line":427,"column":0},"end":{"line":427,"column":45}},"427":{"start":{"line":428,"column":0},"end":{"line":428,"column":41}},"428":{"start":{"line":429,"column":0},"end":{"line":429,"column":37}},"429":{"start":{"line":430,"column":0},"end":{"line":430,"column":53}},"430":{"start":{"line":431,"column":0},"end":{"line":431,"column":17}},"431":{"start":{"line":432,"column":0},"end":{"line":432,"column":34}},"432":{"start":{"line":433,"column":0},"end":{"line":433,"column":31}},"433":{"start":{"line":434,"column":0},"end":{"line":434,"column":34}},"434":{"start":{"line":435,"column":0},"end":{"line":435,"column":7}},"435":{"start":{"line":436,"column":0},"end":{"line":436,"column":5}},"436":{"start":{"line":437,"column":0},"end":{"line":437,"column":5}},"437":{"start":{"line":438,"column":0},"end":{"line":438,"column":17}},"438":{"start":{"line":439,"column":0},"end":{"line":439,"column":1}},"442":{"start":{"line":443,"column":0},"end":{"line":443,"column":120}},"443":{"start":{"line":444,"column":0},"end":{"line":444,"column":27}},"444":{"start":{"line":445,"column":0},"end":{"line":445,"column":41}},"445":{"start":{"line":446,"column":0},"end":{"line":446,"column":38}},"448":{"start":{"line":449,"column":0},"end":{"line":449,"column":144}},"449":{"start":{"line":450,"column":0},"end":{"line":450,"column":53}},"450":{"start":{"line":451,"column":0},"end":{"line":451,"column":43}},"451":{"start":{"line":452,"column":0},"end":{"line":452,"column":1}},"454":{"start":{"line":455,"column":0},"end":{"line":455,"column":45}},"455":{"start":{"line":456,"column":0},"end":{"line":456,"column":66}},"456":{"start":{"line":457,"column":0},"end":{"line":457,"column":1}},"459":{"start":{"line":460,"column":0},"end":{"line":460,"column":84}},"460":{"start":{"line":461,"column":0},"end":{"line":461,"column":40}},"461":{"start":{"line":462,"column":0},"end":{"line":462,"column":1}},"464":{"start":{"line":465,"column":0},"end":{"line":465,"column":82}},"465":{"start":{"line":466,"column":0},"end":{"line":466,"column":39}},"466":{"start":{"line":467,"column":0},"end":{"line":467,"column":1}}},"s":{"7":1,"24":1,"25":1,"28":8,"30":8,"31":8,"33":45,"34":45,"35":45,"38":30,"39":30,"40":30,"41":30,"42":30,"44":30,"46":0,"47":0,"48":0,"49":0,"50":0,"52":30,"54":30,"55":0,"56":0,"57":0,"58":0,"59":0,"60":30,"61":30,"63":0,"64":0,"65":30,"67":26,"68":26,"69":26,"70":26,"71":26,"73":0,"74":26,"77":18,"78":18,"79":18,"80":18,"82":18,"83":18,"84":18,"87":16,"88":16,"89":16,"91":4,"92":4,"93":4,"94":4,"95":4,"96":4,"97":0,"98":0,"100":1,"101":1,"102":1,"103":1,"104":1,"105":1,"106":1,"107":1,"108":1,"109":1,"110":1,"111":1,"114":1,"115":8,"116":8,"117":8,"118":8,"121":1,"122":6,"123":6,"126":1,"127":1,"128":1,"129":1,"132":1,"133":1,"134":1,"135":1,"136":1,"137":1,"138":1,"141":1,"142":2,"143":2,"144":2,"145":1,"146":2,"147":0,"148":2,"149":1,"150":2,"151":0,"152":2,"153":0,"154":2,"155":0,"156":2,"157":2,"160":1,"161":1,"162":1,"163":1,"164":1,"165":1,"166":1,"167":1,"168":1,"169":1,"170":1,"173":1,"174":1,"175":1,"176":1,"177":1,"178":1,"179":1,"180":1,"181":1,"182":1,"185":1,"186":1,"187":1,"188":1,"190":1,"191":1,"192":1,"193":1,"194":1,"195":1,"196":1,"197":1,"201":1,"202":0,"203":0,"204":0,"205":0,"206":0,"207":0,"208":0,"209":0,"210":0,"211":0,"214":1,"215":0,"216":0,"217":0,"218":0,"219":0,"220":0,"221":0,"222":0,"223":0,"226":1,"227":0,"228":0,"229":0,"230":0,"232":0,"233":0,"234":0,"235":0,"236":0,"240":1,"241":1,"242":1,"243":1,"244":1,"245":1,"246":1,"247":1,"248":1,"249":1,"250":1,"253":1,"254":3,"255":3,"256":3,"257":3,"258":3,"259":3,"260":3,"261":3,"262":3,"265":1,"266":1,"267":1,"268":1,"269":1,"271":1,"272":1,"273":1,"274":1,"275":1,"276":1,"277":1,"281":1,"282":0,"283":0,"284":0,"285":0,"286":0,"287":0,"288":0,"289":0,"290":0,"291":0,"294":1,"295":0,"296":0,"297":0,"298":0,"299":0,"300":0,"301":0,"302":0,"303":0,"306":1,"307":0,"308":0,"309":0,"310":0,"312":0,"313":0,"314":0,"315":0,"316":0,"317":0,"318":0,"319":0,"323":1,"324":4,"325":4,"326":4,"327":4,"328":4,"329":4,"330":4,"331":4,"332":4,"333":4,"336":1,"337":1,"338":1,"339":1,"340":1,"341":1,"342":1,"343":1,"344":1,"345":1,"348":1,"349":1,"350":1,"351":1,"352":1,"354":1,"355":1,"356":1,"357":1,"358":1,"362":1,"363":2,"364":2,"365":2,"366":2,"367":2,"368":2,"369":2,"370":2,"371":2,"372":2,"374":2,"375":2,"376":2,"377":2,"378":2,"379":2,"380":2,"381":2,"382":2,"383":2,"384":2,"387":1,"388":1,"389":1,"390":1,"391":1,"393":1,"394":1,"395":1,"398":1,"400":1,"401":1,"402":1,"403":1,"404":1,"405":1,"406":1,"407":1,"409":1,"410":1,"411":1,"412":1,"413":1,"414":1,"415":1,"416":1,"417":1,"418":1,"419":1,"420":1,"423":1,"424":1,"425":1,"426":1,"427":1,"428":1,"429":1,"430":1,"431":1,"432":1,"433":1,"434":1,"435":1,"436":1,"437":1,"438":1,"442":1,"443":2,"444":2,"445":2,"448":2,"449":2,"450":2,"451":2,"454":1,"455":0,"456":0,"459":1,"460":1,"461":1,"464":1,"465":1,"466":1},"branchMap":{"0":{"type":"branch","line":29,"loc":{"start":{"line":29,"column":0},"end":{"line":32,"column":1}},"locations":[{"start":{"line":29,"column":0},"end":{"line":32,"column":1}}]},"1":{"type":"branch","line":34,"loc":{"start":{"line":34,"column":0},"end":{"line":36,"column":1}},"locations":[{"start":{"line":34,"column":0},"end":{"line":36,"column":1}}]},"2":{"type":"branch","line":39,"loc":{"start":{"line":39,"column":0},"end":{"line":66,"column":1}},"locations":[{"start":{"line":39,"column":0},"end":{"line":66,"column":1}}]},"3":{"type":"branch","line":43,"loc":{"start":{"line":43,"column":54},"end":{"line":43,"column":60}},"locations":[{"start":{"line":43,"column":54},"end":{"line":43,"column":60}}]},"4":{"type":"branch","line":45,"loc":{"start":{"line":45,"column":73},"end":{"line":51,"column":5}},"locations":[{"start":{"line":45,"column":73},"end":{"line":51,"column":5}}]},"5":{"type":"branch","line":55,"loc":{"start":{"line":55,"column":36},"end":{"line":60,"column":5}},"locations":[{"start":{"line":55,"column":36},"end":{"line":60,"column":5}}]},"6":{"type":"branch","line":62,"loc":{"start":{"line":62,"column":2},"end":{"line":65,"column":3}},"locations":[{"start":{"line":62,"column":2},"end":{"line":65,"column":3}}]},"7":{"type":"branch","line":68,"loc":{"start":{"line":68,"column":0},"end":{"line":75,"column":1}},"locations":[{"start":{"line":68,"column":0},"end":{"line":75,"column":
[...]
,"column":18},"end":{"line":341,"column":25}}]},"55":{"type":"branch","line":349,"loc":{"start":{"line":349,"column":7},"end":{"line":359,"column":1}},"locations":[{"start":{"line":349,"column":7},"end":{"line":359,"column":1}}]},"56":{"type":"branch","line":351,"loc":{"start":{"line":351,"column":13},"end":{"line":357,"column":3}},"locations":[{"start":{"line":351,"column":13},"end":{"line":357,"column":3}}]},"57":{"type":"branch","line":355,"loc":{"start":{"line":355,"column":34},"end":{"line":355,"column":108}},"locations":[{"start":{"line":355,"column":34},"end":{"line":355,"column":108}}]},"58":{"type":"branch","line":355,"loc":{"start":{"line":355,"column":55},"end":{"line":355,"column":106}},"locations":[{"start":{"line":355,"column":55},"end":{"line":355,"column":106}}]},"59":{"type":"branch","line":363,"loc":{"start":{"line":363,"column":7},"end":{"line":385,"column":1}},"locations":[{"start":{"line":363,"column":7},"end":{"line":385,"column":1}}]},"60":{"type":"branch","line":368,"loc":{"start":{"line":368,"column":18},"end":{"line":368,"column":38}},"locations":[{"start":{"line":368,"column":18},"end":{"line":368,"column":38}}]},"61":{"type":"branch","line":372,"loc":{"start":{"line":372,"column":13},"end":{"line":383,"column":3}},"locations":[{"start":{"line":372,"column":13},"end":{"line":383,"column":3}}]},"62":{"type":"branch","line":388,"loc":{"start":{"line":388,"column":7},"end":{"line":421,"column":1}},"locations":[{"start":{"line":388,"column":7},"end":{"line":421,"column":1}}]},"63":{"type":"branch","line":390,"loc":{"start":{"line":390,"column":13},"end":{"line":419,"column":3}},"locations":[{"start":{"line":390,"column":13},"end":{"line":419,"column":3}}]},"64":{"type":"branch","line":392,"loc":{"start":{"line":392,"column":18},"end":{"line":392,"column":25}},"locations":[{"start":{"line":392,"column":18},"end":{"line":392,"column":25}}]},"65":{"type":"branch","line":424,"loc":{"start":{"line":424,"column":7},"end":{"line":439,"column":1}},"locations":[{"start":{"line":424,"column":7},"end":{"line":439,"column":1}}]},"66":{"type":"branch","line":426,"loc":{"start":{"line":426,"column":13},"end":{"line":437,"column":3}},"locations":[{"start":{"line":426,"column":13},"end":{"line":437,"column":3}}]},"67":{"type":"branch","line":443,"loc":{"start":{"line":443,"column":7},"end":{"line":452,"column":1}},"locations":[{"start":{"line":443,"column":7},"end":{"line":452,"column":1}}]},"68":{"type":"branch","line":446,"loc":{"start":{"line":446,"column":24},"end":{"line":446,"column":38}},"locations":[{"start":{"line":446,"column":24},"end":{"line":446,"column":38}}]},"69":{"type":"branch","line":449,"loc":{"start":{"line":449,"column":36},"end":{"line":449,"column":135}},"locations":[{"start":{"line":449,"column":36},"end":{"line":449,"column":135}}]},"70":{"type":"branch","line":449,"loc":{"start":{"line":449,"column":55},"end":{"line":449,"column":92}},"locations":[{"start":{"line":449,"column":55},"end":{"line":449,"column":92}}]},"71":{"type":"branch","line":449,"loc":{"start":{"line":449,"column":77},"end":{"line":449,"column":135}},"locations":[{"start":{"line":449,"column":77},"end":{"line":449,"column":135}}]},"72":{"type":"branch","line":449,"loc":{"start":{"line":449,"column":93},"end":{"line":449,"column":135}},"locations":[{"start":{"line":449,"column":93},"end":{"line":449,"column":135}}]},"73":{"type":"branch","line":460,"loc":{"start":{"line":460,"column":7},"end":{"line":462,"column":1}},"locations":[{"start":{"line":460,"column":7},"end":{"line":462,"column":1}}]},"74":{"type":"branch","line":465,"loc":{"start":{"line":465,"column":7},"end":{"line":467,"column":1}},"locations":[{"start":{"line":465,"column":7},"end":{"line":467,"column":1}}]}},"b":{"0":[8],"1":[45],"2":[30],"3":[0],"4":[0],"5":[0],"6":[0],"7":[26],"8":[0],"9":[18],"10":[16],"11":[182],"12":[4],"13":[0],"14":[36],"15":[1],"16":[0],"17":[0],"18":[8],"19":[6],"20":[1],"21":[1],"22":[2],"23":[1],"24":[0],"25":[1],"26":[0],"27":[0],"28":[0],"29":[1],"30":[1],"31":[1],"32":[1],"33":[0],"34":[1],"35":[1],"36":[3],"37":[0],"38":[3],"39":[2],"40":[1],"41":[1],"42":[3],"43":[3],"44":[0],"45":[1],"46":[1],"47":[3],"48":[24],"49":[2],"50":[4],"51":[4],"52":[1],"53":[1],"54":[0],"55":[1],"56":[1],"57":[2],"58":[0],"59":[2],"60":[0],"61":[2],"62":[1],"63":[1],"64":[0],"65":[1],"66":[1],"67":[2],"68":[0],"69":[50],"70":[22],"71":[2],"72":[1],"73":[1],"74":[1]},"fnMap":{"0":{"name":"uuid","decl":{"start":{"line":29,"column":0},"end":{"line":32,"column":1}},"loc":{"start":{"line":29,"column":0},"end":{"line":32,"column":1}},"line":29},"1":{"name":"isoNow","decl":{"start":{"line":34,"column":0},"end":{"line":36,"column":1}},"loc":{"start":{"line":34,"column":0},"end":{"line":36,"column":1}},"line":34},"2":{"name":"ensureData","decl":{"start":{"line":39,"column":0},"end":{"line":66,"column":1}},"loc":{"start":{"line":39,"column":0},"end":{"line":66,"column":1}},"line":39},"3":{"name":"saveData","decl":{"start":{"line":68,"column":0},"end":{"line":75,"column":1}},"loc":{"start":{"line":68,"column":0},"end":{"line":75,"column":1}},"line":68},"4":{"name":"withUpdate","decl":{"start":{"line":78,"column":0},"end":{"line":85,"column":1}},"loc":{"start":{"line":78,"column":0},"end":{"line":85,"column":1}},"line":78},"5":{"name":"findById","decl":{"start":{"line":88,"column":0},"end":{"line":90,"column":1}},"loc":{"start":{"line":88,"column":0},"end":{"line":90,"column":1}},"line":88},"6":{"name":"removeById","decl":{"start":{"line":92,"column":0},"end":{"line":99,"column":1}},"loc":{"start":{"line":92,"column":0},"end":{"line":99,"column":1}},"line":92},"7":{"name":"paginate","decl":{"start":{"line":101,"column":0},"end":{"line":112,"column":1}},"loc":{"start":{"line":101,"column":0},"end":{"line":112,"column":1}},"line":101},"8":{"name":"resetToMock","decl":{"start":{"line":115,"column":7},"end":{"line":119,"column":1}},"loc":{"start":{"line":115,"column":7},"end":{"line":119,"column":1}},"line":115},"9":{"name":"getEnvelope","decl":{"start":{"line":122,"column":7},"end":{"line":124,"column":1}},"loc":{"start":{"line":122,"column":7},"end":{"line":124,"column":1}},"line":122},"10":{"name":"listAll","decl":{"start":{"line":127,"column":7},"end":{"line":130,"column":1}},"loc":{"start":{"line":127,"column":7},"end":{"line":130,"column":1}},"line":127},"11":{"name":"listPaged","decl":{"start":{"line":133,"column":7},"end":{"line":139,"column":1}},"loc":{"start":{"line":133,"column":7},"end":{"line":139,"column":1}},"line":133},"12":{"name":"getById","decl":{"start":{"line":142,"column":7},"end":{"line":158,"column":1}},"loc":{"start":{"line":142,"column":7},"end":{"line":158,"column":1}},"line":142},"13":{"name":"createRoute","decl":{"start":{"line":161,"column":7},"end":{"line":171,"column":1}},"loc":{"start":{"line":161,"column":7},"end":{"line":171,"column":1}},"line":161},"14":{"name":"updateRoute","decl":{"start":{"line":174,"column":7},"end":{"line":183,"column":1}},"loc":{"start":{"line":174,"column":7},"end":{"line":183,"column":1}},"line":174},"15":{"name":"deleteRoute","decl":{"start":{"line":186,"column":7},"end":{"line":198,"column":1}},"loc":{"start":{"line":186,"column":7},"end":{"line":198,"column":1}},"line":186},"16":{"name":"createDriver","decl":{"start":{"line":202,"column":7},"end":{"line":212,"column":1}},"loc":{"start":{"line":202,"column":7},"end":{"line":212,"column":1}},"line":202},"17":{"name":"updateDriver","decl":{"start":{"line":215,"column":7},"end":{"line":224,"column":1}},"loc":{"start":{"line":215,"column":7},"end":{"line":224,"column":1}},"line":215},"18":{"name":"deleteDriver","decl":{"start":{"line":227,"column":7},"end":{"line":237,"column":1}},"loc":{"start":{"line":227,"column":7},"end":{"line":237,"column":1}},"line":227},"19":{"name":"createBus","decl":{"start":{"line":241,"column":7},"end":{"line":251,"column":1}},"loc":{"start":{"line":241,"column":7},"end":{"line":251,"column":1}},"line":241},"20":{"name":"updateBus","decl":{"start":{"line":254,"column":7},"end":{"line":263,"column":1}},"loc":{"start":{"line":254,"column":7},"end":{"line":263,"column":1}},"line":254},"21":{"name":"deleteBus","decl":{"start":{"line":266,"column":7},"end":{"line":278,"column":1}},"loc":{"start":{"line":266,"column":7},"end":{"line":278,"column":1}},"line":266},"22":{"name":"createSchedule","decl":{"start":{"line":282,"column":7},"end":{"line":292,"column":1}},"loc":{"start":{"line":282,"column":7},"end":{"line":292,"column":1}},"line":282},"23":{"name":"updateSchedule","decl":{"start":{"line":295,"column":7},"end":{"line":304,"column":1}},"loc":{"start":{"line":295,"column":7},"end":{"line":304,"column":1}},"line":295},"24":{"name":"deleteSchedule","decl":{"start":{"line":307,"column":7},"end":{"line":320,"column":1}},"loc":{"start":{"line":307,"column":7},"end":{"line":320,"column":1}},"line":307},"25":{"name":"createSeat","decl":{"start":{"line":324,"column":7},"end":{"line":334,"column":1}},"loc":{"start":{"line":324,"column":7},"end":{"line":334,"column":1}},"line":324},"26":{"name":"updateSeat","decl":{"start":{"line":337,"column":7},"end":{"line":346,"column":1}},"loc":{"start":{"line":337,"column":7},"end":{"line":346,"column":1}},"line":337},"27":{"name":"deleteSeat","decl":{"start":{"line":349,"column":7},"end":{"line":359,"column":1}},"loc":{"start":{"line":349,"column":7},"end":{"line":359,"column":1}},"line":349},"28":{"name":"createBooking","decl":{"start":{"line":363,"column":7},"end":{"line":385,"column":1}},"loc":{"start":{"line":363,"column":7},"end":{"line":385,"column":1}},"line":363},"29":{"name":"updateBooking","decl":{"start":{"line":388,"column":7},"end":{"line":421,"column":1}},"loc":{"start":{"line":388,"column":7},"end":{"line":421,"column":1}},"line":388},"30":{"name":"deleteBooking","decl":{"start":{"line":424,"column":7},"end":{"line":439,"column":1}},"loc":{"start":{"line":424,"column":7},"end":{"line":439,"column":1}},"line":424},"31":{"name":"getBusOccupancy","decl":{"start":{"line":443,"column":7},"end":{"line":452,"column":1}},"loc":{"start":{"line":443,"column":7},"end":{"line":452,"column":1}},"line":443},"32":{"name":"listRoutesActive","decl":{"start":{"line":455,"column":7},"end":{"line":457,"column":1}},"loc":{"start":{"line":455,"column":7},"end":{"line":457,"column":1}},"line":455},"33":{"name":"assignDriverToBus","decl":{"start":{"line":460,"column":7},"end":{"line":462,"column":1}},"loc":{"start":{"line":460,"column":7},"end":{"line":462,"column":1}},"line":460},"34":{"name":"assignRouteToBus","decl":{"start":{"line":465,"column":7},"end":{"line":467,"column":1}},"loc":{"start":{"line":465,"column":7},"end":{"line":467,"column":1}},"line":465}},"f":{"0":8,"1":45,"2":30,"3":26,"4":18,"5":16,"6":4,"7":1,"8":8,"9":6,"10":1,"11":1,"12":2,"13":1,"14":1,"15":1,"16":0,"17":0,"18":0,"19":1,"20":3,"21":1,"22":0,"23":0,"24":0,"25":4,"26":1,"27":1,"28":2,"29":1,"30":1,"31":2,"32":0,"33":1,"34":1}}
,"/home/kavia/workspace/code-generation/campus-bus-management-system-8844/frontend_web_app/src/lib/types.ts": {"path":"/home/kavia/workspace/code-generation/campus-bus-management-system-8844/frontend_web_app/src/lib/types.ts","all":true,"statementMap":{},"s":{},"branchMap":{"0":{"type":"branch","line":1,"loc":{"start":{"line":1,"column":3894},"end":{"line":148,"column":122}},"locations":[{"start":{"line":1,"column":3894},"end":{"line":148,"column":122}}]}},"b":{"0":[1]},"fnMap":{"0":{"name":"(empty-report)","decl":{"start":{"line":1,"column":3894},"end":{"line":148,"column":122}},"loc":{"start":{"line":1,"column":3894},"end":{"line":148,"column":122}},"line":1}},"f":{"0":1}}
,"/home/kavia/workspace/code-generation/campus-bus-management-system-8844/frontend_web_app/src/lib/store/auth.ts": {"path":"/home/kavia/workspace/code-generation/campus-bus-management-system-8844/frontend_web_app/src/lib/store/auth.ts","all":false,"statementMap":{"9":{"start":{"line":10,"column":0},"end":{"line":10,"column":32}},"11":{"start":{"line":12,"column":0},"end":{"line":12,"column":34}},"12":{"start":{"line":13,"column":0},"end":{"line":13,"column":7}},"13":{"start":{"line":14,"column":0},"end":{"line":14,"column":50}},"14":{"start":{"line":15,"column":0},"end":{"line":15,"column":26}},"15":{"start":{"line":16,"column":0},"end":{"line":16,"column":57}},"16":{"start":{"line":17,"column":0},"end":{"line":17,"column":16}},"17":{"start":{"line":18,"column":0},"end":{"line":18,"column":11}},"18":{"start":{"line":19,"column":0},"end":{"line":19,"column":16}},"19":{"start":{"line":20,"column":0},"end":{"line":20,"column":3}},"20":{"start":{"line":21,"column":0},"end":{"line":21,"column":1}},"22":{"start":{"line":23,"column":0},"end":{"line":23,"column":39}},"23":{"start":{"line":24,"column":0},"end":{"line":24,"column":7}},"24":{"start":{"line":25,"column":0},"end":{"line":25,"column":15}},"25":{"start":{"line":26,"column":0},"end":{"line":26,"column":46}},"26":{"start":{"line":27,"column":0},"end":{"line":27,"column":12}},"27":{"start":{"line":28,"column":0},"end":{"line":28,"column":43}},"28":{"start":{"line":29,"column":0},"end":{"line":29,"column":5}},"29":{"start":{"line":30,"column":0},"end":{"line":30,"column":11}},"31":{"start":{"line":32,"column":0},"end":{"line":32,"column":3}},"32":{"start":{"line":33,"column":0},"end":{"line":33,"column":1}},"34":{"start":{"line":35,"column":0},"end":{"line":35,"column":23}},"35":{"start":{"line":36,"column":0},"end":{"line":36,"column":88}},"36":{"start":{"line":37,"column":0},"end":{"line":37,"column":1}},"39":{"start":{"line":40,"column":0},"end":{"line":40,"column":40}},"40":{"start":{"line":41,"column":0},"end":{"line":41,"column":59}},"41":{"start":{"line":42,"column":0},"end":{"line":42,"column":1}},"44":{"start":{"line":45,"column":0},"end":{"line":45,"column":37}},"45":{"start":{"line":46,"column":0},"end":{"line":46,"column":18}},"46":{"start":{"line":47,"column":0},"end":{"line":47,"column":15}},"47":{"start":{"line":48,"column":0},"end":{"line":48,"column":1}},"50":{"start":{"line":51,"column":0},"end":{"line":51,"column":26}},"51":{"start":{"line":52,"column":0},"end":{"line":52,"column":18}},"52":{"start":{"line":53,"column":0},"end":{"line":53,"column":15}},"53":{"start":{"line":54,"column":0},"end":{"line":54,"column":1}},"56":{"start":{"line":57,"column":0},"end":{"line":57,"column":66}},"57":{"start":{"line":58,"column":0},"end":{"line":58,"column":33}},"58":{"start":{"line":59,"column":0},"end":{"line":59,"column":45}},"59":{"start":{"line":60,"column":0},"end":{"line":60,"column":40}},"60":{"start":{"line":61,"column":0},"end":{"line":61,"column":4}},"61":{"start":{"line":62,"column":0},"end":{"line":62,"column":50}},"63":{"start":{"line":64,"column":0},"end":{"line":64,"column":22}},"64":{"start":{"line":65,"column":0},"end":{"line":65,"column":66}},"65":{"start":{"line":66,"column":0},"end":{"line":66,"column":1}}},"s":{"9":1,"11":10,"12":10,"13":10,"14":10,"15":10,"16":0,"17":0,"18":0,"19":0,"20":10,"22":3,"23":3,"24":3,"25":2,"26":3,"27":1,"28":1,"29":3,"31":0,"32":3,"34":3,"35":3,"36":3,"39":1,"40":10,"41":10,"44":1,"45":2,"46":2,"47":2,"50":1,"51":1,"52":1,"53":1,"56":1,"57":1,"58":3,"59":3,"60":3,"61":1,"63":1,"64":1,"65":1},"branchMap":{"0":{"type":"branch","line":12,"loc":{"start":{"line":12,"column":0},"end":{"line":21,"column":1}},"locations":[{"start":{"line":12,"column":0},"end":{"line":21,"column":1}}]},"1":{"type":"branch","line":15,"loc":{"start":{"line":15,"column":14},"end":{"line":15,"column":26}},"locations":[{"start":{"line":15,"column":14},"end":{"line":15,"column":26}}]},"2":{"type":"branch","line":15,"loc":{"start":{"line":15,"column":21},"end":{"line":16,"column":29}},"locations":[{"start":{"line":15,"column":21},"end":{"line":16,"column":29}}]},"3":{"type":"branch","line":16,"loc":{"start":{"line":16,"column":16},"end":{"line":16,"column":46}},"locations":[{"start":{"line":16,"column":16},"end":{"line":16,"column":46}}]},"4":{"type":"branch","line":16,"loc":{"start":{"line":16,"column":46},"end":{"line":16,"column":57}},"locations":[{"start":{"line":16,"column":46},"end":{"line":16,"column":57}}]},"5":{"type":"branch","line":16,"loc":{"start":{"line":16,"column":53},"end":{"line":20,"column":3}},"locations":[{"start":{"line":16,"column":53},"end":{"line":20,"column":3}}]},"6":{"type":"branch","line":23,"loc":{"start":{"line":23,"column":0},"end":{"line":33,"column":1}},"locations":[{"start":{"line":23,"column":0},"end":{"line":33,"column":1}}]},"7":{"type":"branch","line":25,"loc":{"start":{"line":25,"column":14},"end":{"line":27,"column":11}},"locations":[{"start":{"line":25,"column":14},"end":{"line":27,"column":11}}]},"8":{"type":"branch","line":27,"loc":{"start":{"line":27,"column":4},"end":{"line":29,"column":5}},"locations":[{"start":{"line":27,"column":4},"end":{"line":29,"column":5}}]},"9":{"type":"branch","line":30,"loc":{"start":{"line":30,"column":2},"end":{"line":32,"column":3}},"locations":[{"start":{"line":30,"column":2},"end":{"line":32,"column":3}}]},"10":{"type":"branch","line":35,"loc":{"start":{"line":35,"column":0},"end":{"line":37,"column":1}},"locations":[{"start":{"line":35,"column":0},"end":{"line":37,"column":1}}]},"11":{"type":"branch","line":40,"loc":{"start":{"line":40,"column":7},"end":{"line":42,"column":1}},"locations":[{"start":{"line":40,"column":7},"end":{"line":42,"column":1}}]},"12":{"type":"branch","line":41,"loc":{"start":{"line":41,"column":50},"end":{"line":41,"column":59}},"locations":[{"start":{"line":41,"column":50},"end":{"line":41,"column":59}}]},"13":{"type":"branch","line":45,"loc":{"start":{"line":45,"column":7},"end":{"line":48,"column":1}},"locations":[{"start":{"line":45,"column":7},"end":{"line":48,"column":1}}]},"14":{"type":"branch","line":51,"loc":{"start":{"line":51,"column":7},"end":{"line":54,"column":1}},"locations":[{"start":{"line":51,"column":7},"end":{"line":54,"column":1}}]},"15":{"type":"branch","line":57,"loc":{"start":{"line":57,"column":7},"end":{"line":66,"column":1}},"locations":[{"start":{"line":57,"column":7},"end":{"line":66,"column":1}}]},"16":{"type":"branch","line":58,"loc":{"start":{"line":58,"column":18},"end":{"line":61,"column":4}},"locations":[{"start":{"line":58,"column":18},"end":{"line":61,"column":4}}]},"17":{"type":"branch","line":60,"loc":{"start":{"line":60,"column":21},"end":{"line":60,"column":38}},"locations":[{"start":{"line":60,"column":21},"end":{"line":60,"column":38}}]}},"b":{"0":[10],"1":[6],"2":[4],"3":[2],"4":[4],"5":[0],"6":[3],"7":[2],"8":[1],"9":[0],"10":[3],"11":[10],"12":[0],"13":[2],"14":[1],"15":[1],"16":[3],"17":[1]},"fnMap":{"0":{"name":"readRole","decl":{"start":{"line":12,"column":0},"end":{"line":21,"column":1}},"loc":{"start":{"line":12,"column":0},"end":{"line":21,"column":1}},"line":12},"1":{"name":"writeRole","decl":{"start":{"line":23,"column":0},"end":{"line":33,"column":1}},"loc":{"start":{"line":23,"column":0},"end":{"line":33,"column":1}},"line":23},"2":{"name":"emitChange","decl":{"start":{"line":35,"column":0},"end":{"line":37,"column":1}},"loc":{"start":{"line":35,"column":0},"end":{"line":37,"column":1}},"line":35},"3":{"name":"getRole","decl":{"start":{"line":40,"column":7},"end":{"line":42,"column":1}},"loc":{"start":{"line":40,"column":7},"end":{"line":42,"column":1}},"line":40},"4":{"name":"loginAs","decl":{"start":{"line":45,"column":7},"end":{"line":48,"column":1}},"loc":{"start":{"line":45,"column":7},"end":{"line":48,"column":1}},"line":45},"5":{"name":"logout","decl":{"start":{"line":51,"column":7},"end":{"line":54,"column":1}},"loc":{"start":{"line":51,"column":7},"end":{"line":54,"column":1}},"line":51},"6":{"name":"subscribe","decl":{"start":{"line":57,"column":7},"end":{"line":66,"column":1}},"loc":{"start":{"line":57,"column":7},"end":{"line":66,"column":1}},"line":57},"7":{"name":"handler","decl":{"start":{"line":58,"column":18},"end":{"line":61,"column":4}},"loc":{"start":{"line":58,"column":18},"end":{"line":61,"column":4}},"line":58}},"f":{"0":10,"1":3,"2":3,"3":10,"4":2,"5":1,"6":1,"7":3}}
}
